info: ::1 - - [07/Aug/2023:01:35:31 +0000] "POST /api/v1/books HTTP/1.1" 404 47 "-" "PostmanRuntime/7.32.3"

info: ::1 - - [07/Aug/2023:01:35:40 +0000] "GET /api/v1/books HTTP/1.1" 400 89 "-" "PostmanRuntime/7.32.3"

info: ::1 - - [07/Aug/2023:01:37:13 +0000] "GET /api/v1/books?page=2&size=10 HTTP/1.1" 400 89 "-" "PostmanRuntime/7.32.3"

info: ::1 - - [07/Aug/2023:01:37:21 +0000] "GET /api/v1/books?page=2&size=10 HTTP/1.1" 400 89 "-" "PostmanRuntime/7.32.3"

info: ::1 - - [07/Aug/2023:01:37:53 +0000] "GET /api/v1/books?page=2&size=10 HTTP/1.1" 200 4576 "-" "PostmanRuntime/7.32.3"

info: ::1 - - [07/Aug/2023:01:38:18 +0000] "GET /api/v1/books?page=2&size=5 HTTP/1.1" 200 1571 "-" "PostmanRuntime/7.32.3"

info: ::1 - - [07/Aug/2023:01:41:00 +0000] "GET /api/v1/books?page=2 HTTP/1.1" 400 60 "-" "PostmanRuntime/7.32.3"

info: ::1 - - [07/Aug/2023:01:41:18 +0000] "GET /api/v1/books?page=2 HTTP/1.1" 200 2624 "-" "PostmanRuntime/7.32.3"

info: ::1 - - [07/Aug/2023:01:41:38 +0000] "GET /api/v1/books?page=3 HTTP/1.1" 200 2624 "-" "PostmanRuntime/7.32.3"

info: ::1 - - [07/Aug/2023:01:42:09 +0000] "GET /api/v1/books?page=3 HTTP/1.1" 200 2624 "-" "PostmanRuntime/7.32.3"

info: ::1 - - [07/Aug/2023:01:42:24 +0000] "GET /api/v1/books?page=4 HTTP/1.1" 200 2624 "-" "PostmanRuntime/7.32.3"

info: ::1 - - [07/Aug/2023:01:44:37 +0000] "GET /api/v1/books?page=4&size=5 HTTP/1.1" 200 1550 "-" "PostmanRuntime/7.32.3"

info: ::1 - - [07/Aug/2023:01:44:55 +0000] "GET /api/v1/books?page=5&size=5 HTTP/1.1" 200 711 "-" "PostmanRuntime/7.32.3"

info: ::1 - - [07/Aug/2023:01:45:20 +0000] "GET /api/v1/books?page=5&size=5 HTTP/1.1" 200 711 "-" "PostmanRuntime/7.32.3"

info: ::1 - - [07/Aug/2023:02:00:19 +0000] "GET /api/v1/books?page=5&size=5 HTTP/1.1" 200 711 "-" "PostmanRuntime/7.32.3"

info: ::1 - - [07/Aug/2023:02:00:24 +0000] "GET /api/v1/books?page=&size=5 HTTP/1.1" 200 2624 "-" "PostmanRuntime/7.32.3"

info: ::1 - - [07/Aug/2023:02:00:39 +0000] "GET /api/v1/books?page=1&size=5 HTTP/1.1" 200 2624 "-" "PostmanRuntime/7.32.3"

info: ::1 - - [07/Aug/2023:02:00:45 +0000] "GET /api/v1/books?page=2&size=5 HTTP/1.1" 200 1571 "-" "PostmanRuntime/7.32.3"

info: ::1 - - [07/Aug/2023:03:02:18 +0000] "GET /api-docs/swagger-ui.css HTTP/1.1" 404 47 "-" "Mozilla/5.0 (X11; Linux x86_64) AppleWebKit/537.36 (KHTML, like Gecko) Chrome/115.0.0.0 Safari/537.36"

info: ::1 - - [07/Aug/2023:03:02:18 +0000] "GET /api-docs/swagger-ui-init.js HTTP/1.1" 404 47 "-" "Mozilla/5.0 (X11; Linux x86_64) AppleWebKit/537.36 (KHTML, like Gecko) Chrome/115.0.0.0 Safari/537.36"

info: ::1 - - [07/Aug/2023:03:02:18 +0000] "GET /api-docs/swagger-ui-bundle.js HTTP/1.1" 404 47 "-" "Mozilla/5.0 (X11; Linux x86_64) AppleWebKit/537.36 (KHTML, like Gecko) Chrome/115.0.0.0 Safari/537.36"

info: ::1 - - [07/Aug/2023:03:02:18 +0000] "GET /api-docs/swagger-ui-standalone-preset.js HTTP/1.1" 404 47 "-" "Mozilla/5.0 (X11; Linux x86_64) AppleWebKit/537.36 (KHTML, like Gecko) Chrome/115.0.0.0 Safari/537.36"

info: ::1 - - [07/Aug/2023:03:02:18 +0000] "GET /api-docs/favicon-32x32.png HTTP/1.1" 404 47 "-" "Mozilla/5.0 (X11; Linux x86_64) AppleWebKit/537.36 (KHTML, like Gecko) Chrome/115.0.0.0 Safari/537.36"

info: ::1 - - [07/Aug/2023:03:02:18 +0000] "GET /api-docs/favicon-16x16.png HTTP/1.1" 404 47 "-" "Mozilla/5.0 (X11; Linux x86_64) AppleWebKit/537.36 (KHTML, like Gecko) Chrome/115.0.0.0 Safari/537.36"

info: ::1 - - [07/Aug/2023:03:29:47 +0000] "GET /api/v1/books?page=1&size=5 HTTP/1.1" 200 2624 "-" "PostmanRuntime/7.32.3"

info: ::1 - - [07/Aug/2023:08:40:27 +0000] "POST /users HTTP/1.1" 404 47 "-" "PostmanRuntime/7.32.3"

info: ::1 - - [07/Aug/2023:08:41:50 +0000] "POST /users HTTP/1.1" 404 47 "-" "PostmanRuntime/7.32.3"

info: ::1 - - [07/Aug/2023:08:42:35 +0000] "POST /api/v1 HTTP/1.1" 404 47 "-" "PostmanRuntime/7.32.3"

info: ::1 - - [07/Aug/2023:08:43:17 +0000] "POST /api/v1/users HTTP/1.1" 201 375 "-" "PostmanRuntime/7.32.3"

info: ::1 - - [07/Aug/2023:08:50:06 +0000] "POST /api/v1/users HTTP/1.1" 201 372 "-" "PostmanRuntime/7.32.3"

info: ::1 - - [07/Aug/2023:08:51:13 +0000] "POST /api/v1/users HTTP/1.1" 201 370 "-" "PostmanRuntime/7.32.3"

info: ::1 - - [07/Aug/2023:08:56:08 +0000] "POST /api/v1/users HTTP/1.1" 201 372 "-" "PostmanRuntime/7.32.3"

info: ::1 - - [07/Aug/2023:09:02:12 +0000] "POST /api/v1/users HTTP/1.1" 201 370 "-" "PostmanRuntime/7.32.3"

