info: ::1 - - [01/Aug/2023:06:29:04 +0000] "PUT /api/v1/users HTTP/1.1" 404 47 "-" "PostmanRuntime/7.32.3"

info: ::1 - - [01/Aug/2023:06:29:13 +0000] "POST /api/v1/users HTTP/1.1" 500 60 "-" "PostmanRuntime/7.32.3"

info: ::1 - - [01/Aug/2023:06:30:51 +0000] "POST /api/v1/users HTTP/1.1" 400 149 "-" "PostmanRuntime/7.32.3"

info: ::1 - - [01/Aug/2023:06:31:04 +0000] "POST /api/v1/users HTTP/1.1" 400 142 "-" "PostmanRuntime/7.32.3"

info: ::1 - - [01/Aug/2023:06:32:12 +0000] "POST /api/v1/users HTTP/1.1" 201 296 "-" "PostmanRuntime/7.32.3"

info: ::1 - - [01/Aug/2023:06:41:54 +0000] "POST /api/v1/users HTTP/1.1" 201 296 "-" "PostmanRuntime/7.32.3"

info: ::1 - - [01/Aug/2023:06:58:46 +0000] "POST /api/v1/users HTTP/1.1" 400 57 "-" "PostmanRuntime/7.32.3"

info: ::1 - - [01/Aug/2023:06:59:16 +0000] "POST /api/v1/users HTTP/1.1" 201 348 "-" "PostmanRuntime/7.32.3"

info: ::1 - - [01/Aug/2023:06:59:19 +0000] "POST /api/v1/users HTTP/1.1" 400 57 "-" "PostmanRuntime/7.32.3"

info: ::1 - - [01/Aug/2023:07:08:58 +0000] "POST /api/v1/users/login HTTP/1.1" 400 59 "-" "PostmanRuntime/7.32.3"

info: ::1 - - [01/Aug/2023:07:10:43 +0000] "POST /api/v1/users/login HTTP/1.1" 202 291 "-" "PostmanRuntime/7.32.3"

info: ::1 - - [01/Aug/2023:08:18:01 +0000] "GET /api/v1/books HTTP/1.1" 200 9282 "-" "PostmanRuntime/7.32.3"

info: ::1 - - [01/Aug/2023:08:22:14 +0000] "GET /api/v1/books HTTP/1.1" 400 40 "-" "PostmanRuntime/7.32.3"

info: ::1 - - [01/Aug/2023:08:23:41 +0000] "GET /api/v1/books HTTP/1.1" 400 40 "-" "PostmanRuntime/7.32.3"

info: ::1 - - [01/Aug/2023:08:24:52 +0000] "GET /api/v1/books HTTP/1.1" 400 40 "-" "PostmanRuntime/7.32.3"

info: ::1 - - [01/Aug/2023:08:24:54 +0000] "GET /api/v1/books HTTP/1.1" 400 40 "-" "PostmanRuntime/7.32.3"

info: ::1 - - [01/Aug/2023:08:31:54 +0000] "GET /api/v1/books HTTP/1.1" 400 40 "-" "PostmanRuntime/7.32.3"

info: ::1 - - [01/Aug/2023:08:32:12 +0000] "GET /api/v1/books HTTP/1.1" 400 40 "-" "PostmanRuntime/7.32.3"

info: ::1 - - [01/Aug/2023:08:32:14 +0000] "GET /api/v1/books HTTP/1.1" 400 40 "-" "PostmanRuntime/7.32.3"

info: ::1 - - [01/Aug/2023:08:34:11 +0000] "POST /api/v1/users/login HTTP/1.1" 202 291 "-" "PostmanRuntime/7.32.3"

info: ::1 - - [01/Aug/2023:08:34:39 +0000] "GET /api-docs/swagger-ui.css HTTP/1.1" 404 47 "-" "Mozilla/5.0 (X11; Linux x86_64) AppleWebKit/537.36 (KHTML, like Gecko) Chrome/115.0.0.0 Safari/537.36"

info: ::1 - - [01/Aug/2023:08:34:39 +0000] "GET /api-docs/swagger-ui-bundle.js HTTP/1.1" 404 47 "-" "Mozilla/5.0 (X11; Linux x86_64) AppleWebKit/537.36 (KHTML, like Gecko) Chrome/115.0.0.0 Safari/537.36"

info: ::1 - - [01/Aug/2023:08:34:39 +0000] "GET /api-docs/swagger-ui-standalone-preset.js HTTP/1.1" 404 47 "-" "Mozilla/5.0 (X11; Linux x86_64) AppleWebKit/537.36 (KHTML, like Gecko) Chrome/115.0.0.0 Safari/537.36"

info: ::1 - - [01/Aug/2023:08:34:39 +0000] "GET /api-docs/swagger-ui-init.js HTTP/1.1" 404 47 "-" "Mozilla/5.0 (X11; Linux x86_64) AppleWebKit/537.36 (KHTML, like Gecko) Chrome/115.0.0.0 Safari/537.36"

info: ::1 - - [01/Aug/2023:08:34:39 +0000] "GET /api-docs/swagger-ui.css HTTP/1.1" 404 47 "-" "Mozilla/5.0 (X11; Linux x86_64) AppleWebKit/537.36 (KHTML, like Gecko) Chrome/115.0.0.0 Safari/537.36"

info: ::1 - - [01/Aug/2023:08:34:39 +0000] "GET /api-docs/favicon-32x32.png HTTP/1.1" 404 47 "-" "Mozilla/5.0 (X11; Linux x86_64) AppleWebKit/537.36 (KHTML, like Gecko) Chrome/115.0.0.0 Safari/537.36"

info: ::1 - - [01/Aug/2023:08:34:39 +0000] "GET /api-docs/favicon-16x16.png HTTP/1.1" 404 47 "-" "Mozilla/5.0 (X11; Linux x86_64) AppleWebKit/537.36 (KHTML, like Gecko) Chrome/115.0.0.0 Safari/537.36"

info: ::1 - - [01/Aug/2023:08:36:02 +0000] "GET /api/v1/books HTTP/1.1" 400 86 "-" "PostmanRuntime/7.32.3"

info: ::1 - - [01/Aug/2023:08:40:05 +0000] "GET /api/v1/books HTTP/1.1" 400 86 "-" "PostmanRuntime/7.32.3"

info: ::1 - - [01/Aug/2023:08:40:07 +0000] "GET /api/v1/books HTTP/1.1" 400 86 "-" "PostmanRuntime/7.32.3"

info: ::1 - - [01/Aug/2023:08:40:08 +0000] "GET /api/v1/books HTTP/1.1" 400 86 "-" "PostmanRuntime/7.32.3"

info: ::1 - - [01/Aug/2023:08:40:10 +0000] "GET /api/v1/books HTTP/1.1" 400 86 "-" "PostmanRuntime/7.32.3"

info: ::1 - - [01/Aug/2023:08:40:56 +0000] "GET /api/v1/books HTTP/1.1" 400 86 "-" "PostmanRuntime/7.32.3"

info: ::1 - - [01/Aug/2023:08:41:04 +0000] "GET /api/v1/books HTTP/1.1" 400 86 "-" "PostmanRuntime/7.32.3"

info: ::1 - - [01/Aug/2023:08:42:14 +0000] "GET /api/v1/books HTTP/1.1" 400 86 "-" "PostmanRuntime/7.32.3"

info: ::1 - - [01/Aug/2023:08:44:15 +0000] "GET /api/v1/books HTTP/1.1" 400 86 "-" "PostmanRuntime/7.32.3"

info: ::1 - - [01/Aug/2023:08:50:43 +0000] "GET /api/v1/books HTTP/1.1" 400 86 "-" "PostmanRuntime/7.32.3"

info: ::1 - - [01/Aug/2023:08:50:46 +0000] "GET /api/v1/books HTTP/1.1" 400 86 "-" "PostmanRuntime/7.32.3"

info: ::1 - - [01/Aug/2023:08:51:12 +0000] "GET /api/v1/books HTTP/1.1" 400 151 "-" "PostmanRuntime/7.32.3"

info: ::1 - - [01/Aug/2023:08:52:15 +0000] "GET /api/v1/books HTTP/1.1" 400 168 "-" "PostmanRuntime/7.32.3"

info: ::1 - - [01/Aug/2023:08:53:02 +0000] "GET /api/v1/books HTTP/1.1" 400 168 "-" "PostmanRuntime/7.32.3"

info: ::1 - - [01/Aug/2023:08:55:08 +0000] "GET /api/v1/books HTTP/1.1" 400 151 "-" "PostmanRuntime/7.32.3"

info: ::1 - - [01/Aug/2023:08:56:43 +0000] "GET /api/v1/books HTTP/1.1" 400 151 "-" "PostmanRuntime/7.32.3"

info: ::1 - - [01/Aug/2023:08:57:13 +0000] "GET /api/v1/books HTTP/1.1" 400 86 "-" "PostmanRuntime/7.32.3"

info: ::1 - - [01/Aug/2023:09:04:00 +0000] "GET /api/v1/books HTTP/1.1" 400 86 "-" "PostmanRuntime/7.32.3"

info: ::1 - - [01/Aug/2023:09:04:36 +0000] "GET /api/v1/books HTTP/1.1" 400 86 "-" "PostmanRuntime/7.32.3"

info: ::1 - - [01/Aug/2023:09:05:03 +0000] "GET /api/v1/books HTTP/1.1" 400 168 "-" "PostmanRuntime/7.32.3"

info: ::1 - - [01/Aug/2023:09:07:41 +0000] "GET /api/v1/books HTTP/1.1" 400 168 "-" "PostmanRuntime/7.32.3"

info: ::1 - - [01/Aug/2023:09:08:24 +0000] "GET /api/v1/books HTTP/1.1" 400 168 "-" "PostmanRuntime/7.32.3"

info: ::1 - - [01/Aug/2023:09:09:15 +0000] "GET /api/v1/books HTTP/1.1" 200 4718 "-" "PostmanRuntime/7.32.3"

info: ::1 - - [01/Aug/2023:11:12:57 +0000] "GET /api/v1/books HTTP/1.1" 200 4718 "-" "PostmanRuntime/7.32.3"

info: ::1 - - [01/Aug/2023:12:29:03 +0000] "GET /api/v1/users HTTP/1.1" 404 47 "-" "PostmanRuntime/7.32.3"

info: ::1 - - [01/Aug/2023:12:29:12 +0000] "POST /api/v1/users HTTP/1.1" 400 57 "-" "PostmanRuntime/7.32.3"

info: ::1 - - [01/Aug/2023:12:29:32 +0000] "POST /api/v1/users HTTP/1.1" 201 364 "-" "PostmanRuntime/7.32.3"

info: ::1 - - [01/Aug/2023:12:30:25 +0000] "POST /api/v1/users/login HTTP/1.1" 202 312 "-" "PostmanRuntime/7.32.3"

info: ::1 - - [01/Aug/2023:12:33:37 +0000] "PUT /api/v1/books/6215178d05253301a4fda5c4 HTTP/1.1" 202 399 "-" "PostmanRuntime/7.32.3"

info: ::1 - - [01/Aug/2023:12:34:36 +0000] "PUT /api/v1/users/login HTTP/1.1" 404 47 "-" "PostmanRuntime/7.32.3"

info: ::1 - - [01/Aug/2023:12:34:43 +0000] "POST /api/v1/users/login HTTP/1.1" 400 64 "-" "PostmanRuntime/7.32.3"

info: ::1 - - [01/Aug/2023:12:35:15 +0000] "POST /api/v1/users/login HTTP/1.1" 202 291 "-" "PostmanRuntime/7.32.3"

info: ::1 - - [01/Aug/2023:12:36:14 +0000] "PUT /api/v1/books/6215178d05253301a4fda5c4 HTTP/1.1" 400 88 "-" "PostmanRuntime/7.32.3"

