info: ::1 - - [02/Aug/2023:00:55:49 +0000] "POST /api/v1/users/login HTTP/1.1" 202 291 "http://localhost:4200/" "Mozilla/5.0 (X11; Linux x86_64) AppleWebKit/537.36 (KHTML, like Gecko) Chrome/115.0.0.0 Safari/537.36"

info: ::1 - - [02/Aug/2023:01:04:00 +0000] "POST /api/v1/users HTTP/1.1" 201 336 "http://localhost:4200/" "Mozilla/5.0 (X11; Linux x86_64) AppleWebKit/537.36 (KHTML, like Gecko) Chrome/115.0.0.0 Safari/537.36"

info: ::1 - - [02/Aug/2023:02:49:35 +0000] "PUT /api/v1/books/6215178d05253301a4fda5c4 HTTP/1.1" 400 55 "-" "PostmanRuntime/7.32.3"

info: ::1 - - [02/Aug/2023:03:22:08 +0000] "POST /api/v1/users HTTP/1.1" 201 366 "-" "PostmanRuntime/7.32.3"

info: ::1 - - [02/Aug/2023:03:22:32 +0000] "POST /api/v1/users/login HTTP/1.1" 202 315 "-" "PostmanRuntime/7.32.3"

info: ::1 - - [02/Aug/2023:07:11:03 +0000] "GET /api-docs/swagger-ui-standalone-preset.js HTTP/1.1" 404 47 "-" "Mozilla/5.0 (X11; Linux x86_64) AppleWebKit/537.36 (KHTML, like Gecko) Chrome/115.0.0.0 Safari/537.36"

info: ::1 - - [02/Aug/2023:07:11:03 +0000] "GET /api-docs/swagger-ui.css HTTP/1.1" 404 47 "-" "Mozilla/5.0 (X11; Linux x86_64) AppleWebKit/537.36 (KHTML, like Gecko) Chrome/115.0.0.0 Safari/537.36"

info: ::1 - - [02/Aug/2023:07:11:03 +0000] "GET /api-docs/swagger-ui-init.js HTTP/1.1" 404 47 "-" "Mozilla/5.0 (X11; Linux x86_64) AppleWebKit/537.36 (KHTML, like Gecko) Chrome/115.0.0.0 Safari/537.36"

info: ::1 - - [02/Aug/2023:07:11:03 +0000] "GET /api-docs/swagger-ui-bundle.js HTTP/1.1" 404 47 "-" "Mozilla/5.0 (X11; Linux x86_64) AppleWebKit/537.36 (KHTML, like Gecko) Chrome/115.0.0.0 Safari/537.36"

info: ::1 - - [02/Aug/2023:07:11:03 +0000] "GET /api-docs/favicon-32x32.png HTTP/1.1" 404 47 "-" "Mozilla/5.0 (X11; Linux x86_64) AppleWebKit/537.36 (KHTML, like Gecko) Chrome/115.0.0.0 Safari/537.36"

info: ::1 - - [02/Aug/2023:07:11:03 +0000] "GET /api-docs/favicon-16x16.png HTTP/1.1" 404 47 "-" "Mozilla/5.0 (X11; Linux x86_64) AppleWebKit/537.36 (KHTML, like Gecko) Chrome/115.0.0.0 Safari/537.36"

info: ::1 - - [02/Aug/2023:07:21:21 +0000] "POST /api/v1/users/login HTTP/1.1" 202 315 "-" "PostmanRuntime/7.32.3"

info: ::1 - - [02/Aug/2023:07:21:58 +0000] "GET /api/v1/books/6215178d05253301a4fda5c4 HTTP/1.1" 200 68 "-" "PostmanRuntime/7.32.3"

info: ::1 - - [02/Aug/2023:07:23:06 +0000] "GET /api/v1/books/6215178d05253301a4fda5c4 HTTP/1.1" 200 68 "-" "PostmanRuntime/7.32.3"

info: ::1 - - [02/Aug/2023:07:26:52 +0000] "GET /api/v1/books/6215178d05253301a4fda5c4 HTTP/1.1" 200 407 "-" "PostmanRuntime/7.32.3"

info: ::1 - - [02/Aug/2023:07:28:25 +0000] "GET /api-docs/ HTTP/1.1" 404 47 "-" "Mozilla/5.0 (X11; Linux x86_64) AppleWebKit/537.36 (KHTML, like Gecko) Chrome/115.0.0.0 Safari/537.36"

info: ::1 - - [02/Aug/2023:07:28:25 +0000] "GET /favicon.ico HTTP/1.1" 404 47 "-" "Mozilla/5.0 (X11; Linux x86_64) AppleWebKit/537.36 (KHTML, like Gecko) Chrome/115.0.0.0 Safari/537.36"

info: ::1 - - [02/Aug/2023:07:29:26 +0000] "GET /api/v1/books/6215178d05253301a4fda5c4 HTTP/1.1" 200 407 "-" "PostmanRuntime/7.32.3"

info: ::1 - - [02/Aug/2023:08:43:22 +0000] "POST /api/v1/carts/6215178d05253301a4fda5c4 HTTP/1.1" 404 47 "-" "PostmanRuntime/7.32.3"

info: ::1 - - [02/Aug/2023:08:43:55 +0000] "POST /api/v1/carts/6215178d05253301a4fda5c4 HTTP/1.1" 400 60 "-" "PostmanRuntime/7.32.3"

info: ::1 - - [02/Aug/2023:08:44:30 +0000] "POST /api/v1/carts/6215178d05253301a4fda5c4 HTTP/1.1" 400 48 "-" "PostmanRuntime/7.32.3"

info: ::1 - - [02/Aug/2023:08:44:37 +0000] "POST /api/v1/carts/6215178d05253301a4fda5c4 HTTP/1.1" 400 48 "-" "PostmanRuntime/7.32.3"

info: ::1 - - [02/Aug/2023:08:44:38 +0000] "POST /api/v1/carts/6215178d05253301a4fda5c4 HTTP/1.1" 400 48 "-" "PostmanRuntime/7.32.3"

info: ::1 - - [02/Aug/2023:08:45:50 +0000] "POST /api/v1/users/login HTTP/1.1" 202 291 "-" "PostmanRuntime/7.32.3"

info: ::1 - - [02/Aug/2023:08:46:53 +0000] "POST /api/v1/carts/6215178d05253301a4fda5c4 HTTP/1.1" 201 489 "-" "PostmanRuntime/7.32.3"

info: ::1 - - [02/Aug/2023:11:27:15 +0000] "POST /api/v1/users/login HTTP/1.1" 202 291 "-" "PostmanRuntime/7.32.3"

info: ::1 - - [02/Aug/2023:11:27:57 +0000] "POST /api/v1/carts/6215178d05253301a4fda5c4 HTTP/1.1" 400 48 "-" "PostmanRuntime/7.32.3"

info: ::1 - - [02/Aug/2023:11:28:11 +0000] "POST /api/v1/carts/6215178d05253301a4fda5c4 HTTP/1.1" 400 48 "-" "PostmanRuntime/7.32.3"

info: ::1 - - [02/Aug/2023:11:28:16 +0000] "POST /api/v1/users/login HTTP/1.1" 202 291 "-" "PostmanRuntime/7.32.3"

info: ::1 - - [02/Aug/2023:11:28:40 +0000] "POST /api/v1/carts/6215178d05253301a4fda5c4 HTTP/1.1" 400 48 "-" "PostmanRuntime/7.32.3"

info: ::1 - - [02/Aug/2023:11:30:09 +0000] "POST /api/v1/carts/621588af05253301a4fda5ce HTTP/1.1" 400 48 "-" "PostmanRuntime/7.32.3"

info: ::1 - - [02/Aug/2023:11:30:14 +0000] "POST /api/v1/carts/621588af05253301a4fda5ce HTTP/1.1" 400 48 "-" "PostmanRuntime/7.32.3"

info: ::1 - - [02/Aug/2023:11:36:07 +0000] "POST /api/v1/carts/621588af05253301a4fda5ce HTTP/1.1" 400 53 "-" "PostmanRuntime/7.32.3"

info: ::1 - - [02/Aug/2023:12:03:48 +0000] "POST /api/v1/carts/621588af05253301a4fda5ce HTTP/1.1" 400 61 "-" "PostmanRuntime/7.32.3"

info: ::1 - - [02/Aug/2023:17:09:24 +0000] "POST /api/v1/users/login HTTP/1.1" 202 291 "http://localhost:4200/" "Mozilla/5.0 (X11; Linux x86_64) AppleWebKit/537.36 (KHTML, like Gecko) Chrome/115.0.0.0 Safari/537.36"

info: ::1 - - [02/Aug/2023:17:18:39 +0000] "GET /api/v1//books HTTP/1.1" 200 65 "http://localhost:4200/" "Mozilla/5.0 (X11; Linux x86_64) AppleWebKit/537.36 (KHTML, like Gecko) Chrome/115.0.0.0 Safari/537.36"

info: ::1 - - [02/Aug/2023:17:22:02 +0000] "GET /api/v1//books HTTP/1.1" 200 9290 "http://localhost:4200/" "Mozilla/5.0 (X11; Linux x86_64) AppleWebKit/537.36 (KHTML, like Gecko) Chrome/115.0.0.0 Safari/537.36"

