info: ::1 - - [08/Aug/2023:02:27:07 +0000] "POST /api/v1/users/login HTTP/1.1" 202 307 "-" "PostmanRuntime/7.32.3"

info: ::1 - - [08/Aug/2023:02:29:02 +0000] "POST /api/v1/wishlist/6214803b05253301a4fda584 HTTP/1.1" 201 1416 "-" "PostmanRuntime/7.32.3"

info: ::1 - - [08/Aug/2023:02:29:15 +0000] "POST /api/v1/wishlist/6214803b05253301a4fda584 HTTP/1.1" 400 63 "-" "PostmanRuntime/7.32.3"

info: ::1 - - [08/Aug/2023:02:29:50 +0000] "POST /api/v1/wishlist/6215178d05253301a4fda5c4 HTTP/1.1" 201 1645 "-" "PostmanRuntime/7.32.3"

info: ::1 - - [08/Aug/2023:02:48:43 +0000] "PUT /api/v1/wishlist/6215178d05253301a4fda5c4 HTTP/1.1" 400 61 "-" "PostmanRuntime/7.32.3"

info: ::1 - - [08/Aug/2023:02:49:13 +0000] "PUT /api/v1/wishlist/6215178d05253301a4fda5c4 HTTP/1.1" 200 1430 "-" "PostmanRuntime/7.32.3"

info: ::1 - - [08/Aug/2023:03:08:48 +0000] "POST /api/v1/wishlist/6215178d05253301a4fda5c4 HTTP/1.1" 201 1645 "-" "PostmanRuntime/7.32.3"

info: ::1 - - [08/Aug/2023:03:08:57 +0000] "POST /api/v1/wishlist/6215178d05253301a4fda5c4 HTTP/1.1" 400 63 "-" "PostmanRuntime/7.32.3"

info: ::1 - - [08/Aug/2023:03:09:08 +0000] "PUT /api/v1/wishlist/6215178d05253301a4fda5c4 HTTP/1.1" 200 1430 "-" "PostmanRuntime/7.32.3"

info: ::1 - - [08/Aug/2023:03:13:35 +0000] "POST /api/v1/books HTTP/1.1" 404 47 "-" "PostmanRuntime/7.32.3"

info: ::1 - - [08/Aug/2023:03:13:42 +0000] "GET /api/v1/books HTTP/1.1" 200 2624 "-" "PostmanRuntime/7.32.3"

info: ::1 - - [08/Aug/2023:05:38:38 +0000] "GET /api/v1/books?page=2 HTTP/1.1" 200 1571 "-" "PostmanRuntime/7.32.3"

info: ::1 - - [08/Aug/2023:05:38:54 +0000] "GET /api/v1/books?page=3 HTTP/1.1" 200 3090 "-" "PostmanRuntime/7.32.3"

info: ::1 - - [08/Aug/2023:05:39:06 +0000] "GET /api/v1/books?page=4 HTTP/1.1" 200 1550 "-" "PostmanRuntime/7.32.3"

info: ::1 - - [08/Aug/2023:05:39:16 +0000] "GET /api/v1/books?page=5 HTTP/1.1" 200 711 "-" "PostmanRuntime/7.32.3"

info: ::1 - - [08/Aug/2023:05:41:02 +0000] "POST /api/v1/users HTTP/1.1" 400 57 "-" "PostmanRuntime/7.32.3"

info: ::1 - - [08/Aug/2023:05:41:12 +0000] "POST /api/v1/users HTTP/1.1" 201 369 "-" "PostmanRuntime/7.32.3"

info: ::1 - - [08/Aug/2023:05:42:40 +0000] "POST /api/v1/users/login HTTP/1.1" 202 319 "-" "PostmanRuntime/7.32.3"

info: ::1 - - [08/Aug/2023:06:59:30 +0000] "GET /api/v1/books/search/?key=bbc HTTP/1.1" 400 129 "-" "PostmanRuntime/7.32.3"

info: ::1 - - [08/Aug/2023:07:04:34 +0000] "GET /api/v1/books/search/?key=bbc HTTP/1.1" 400 129 "-" "PostmanRuntime/7.32.3"

info: ::1 - - [08/Aug/2023:07:05:59 +0000] "GET /api/v1/books/search/?key=bbc HTTP/1.1" 400 129 "-" "PostmanRuntime/7.32.3"

info: ::1 - - [08/Aug/2023:07:06:31 +0000] "GET /api/v1/books/search/?key=bbc HTTP/1.1" 400 129 "-" "PostmanRuntime/7.32.3"

info: ::1 - - [08/Aug/2023:07:08:35 +0000] "GET /api/v1/books/search/?key=bbc HTTP/1.1" 400 129 "-" "PostmanRuntime/7.32.3"

info: ::1 - - [08/Aug/2023:07:09:29 +0000] "GET /api/v1/books/search/?key=bbc HTTP/1.1" 200 58 "-" "PostmanRuntime/7.32.3"

info: ::1 - - [08/Aug/2023:07:10:38 +0000] "GET /api/v1/books/search/?key=bbc HTTP/1.1" 200 1349 "-" "PostmanRuntime/7.32.3"

info: ::1 - - [08/Aug/2023:07:11:13 +0000] "GET /api/v1/books/search/?key=steve HTTP/1.1" 200 1349 "-" "PostmanRuntime/7.32.3"

info: ::1 - - [08/Aug/2023:07:11:28 +0000] "GET /api/v1/books/search/?key=billy HTTP/1.1" 200 409 "-" "PostmanRuntime/7.32.3"

info: ::1 - - [08/Aug/2023:08:01:39 +0000] "GET /api/v1/books/search/?key=650 HTTP/1.1" 200 68 "-" "PostmanRuntime/7.32.3"

info: ::1 - - [08/Aug/2023:08:02:25 +0000] "GET /api/v1/books/search/?key=620 HTTP/1.1" 200 409 "-" "PostmanRuntime/7.32.3"

info: ::1 - - [08/Aug/2023:08:03:55 +0000] "GET /api/v1/books/search/?key=650 HTTP/1.1" 200 68 "-" "PostmanRuntime/7.32.3"

info: ::1 - - [08/Aug/2023:08:07:43 +0000] "GET /api/v1/books/search/?key=650 HTTP/1.1" 200 68 "-" "PostmanRuntime/7.32.3"

info: ::1 - - [08/Aug/2023:08:08:31 +0000] "GET /api/v1/books/search/?key=650 HTTP/1.1" 200 68 "-" "PostmanRuntime/7.32.3"

info: ::1 - - [08/Aug/2023:08:09:16 +0000] "GET /api/v1/books/search/?key=620 HTTP/1.1" 200 409 "-" "PostmanRuntime/7.32.3"

info: ::1 - - [08/Aug/2023:08:10:08 +0000] "GET /api/v1/books/search/?key=620 HTTP/1.1" 200 409 "-" "PostmanRuntime/7.32.3"

info: ::1 - - [08/Aug/2023:08:10:28 +0000] "GET /api/v1/books/search/?key=620 HTTP/1.1" 200 409 "-" "PostmanRuntime/7.32.3"

info: ::1 - - [08/Aug/2023:08:11:00 +0000] "GET /api/v1/books/search/?key=620 HTTP/1.1" 200 409 "-" "PostmanRuntime/7.32.3"

info: ::1 - - [08/Aug/2023:08:11:07 +0000] "GET /api/v1/books/search/?key=650 HTTP/1.1" 200 68 "-" "PostmanRuntime/7.32.3"

info: ::1 - - [08/Aug/2023:08:12:01 +0000] "GET /api/v1/books/search/?key=650 HTTP/1.1" 200 68 "-" "PostmanRuntime/7.32.3"

info: ::1 - - [08/Aug/2023:08:12:42 +0000] "GET /api/v1/books/search/?key=650 HTTP/1.1" 400 47 "-" "PostmanRuntime/7.32.3"

info: ::1 - - [08/Aug/2023:08:12:46 +0000] "GET /api/v1/books/search/?key=650 HTTP/1.1" 400 47 "-" "PostmanRuntime/7.32.3"

info: ::1 - - [08/Aug/2023:08:13:05 +0000] "GET /api/v1/books/search/?key=650 HTTP/1.1" 400 46 "-" "PostmanRuntime/7.32.3"

info: ::1 - - [08/Aug/2023:08:13:11 +0000] "GET /api/v1/books/search/?key=620 HTTP/1.1" 200 409 "-" "PostmanRuntime/7.32.3"

info: ::1 - - [08/Aug/2023:08:13:26 +0000] "GET /api/v1/books/search/?key=billy HTTP/1.1" 200 409 "-" "PostmanRuntime/7.32.3"

info: ::1 - - [08/Aug/2023:08:13:40 +0000] "GET /api/v1/books/search/?key=adam HTTP/1.1" 200 409 "-" "PostmanRuntime/7.32.3"

info: ::1 - - [08/Aug/2023:09:09:59 +0000] "GET /api/v1/books/search/?key=adam HTTP/1.1" 200 409 "-" "PostmanRuntime/7.32.3"

info: ::1 - - [08/Aug/2023:09:11:03 +0000] "GET /api/v1/books/search/?key=adam HTTP/1.1" 200 410 "-" "PostmanRuntime/7.32.3"

info: ::1 - - [08/Aug/2023:09:11:11 +0000] "GET /api/v1/books/search/?key=adam HTTP/1.1" 200 409 "-" "PostmanRuntime/7.32.3"

info: ::1 - - [08/Aug/2023:09:59:38 +0000] "PUT /api/v1/carts/purchase/64ccd98ec3cc8b2b149f80ab HTTP/1.1" 200 628 "-" "PostmanRuntime/7.32.3"

info: ::1 - - [08/Aug/2023:10:00:16 +0000] "PUT /api/v1/carts/purchase/64ccd98ec3cc8b2b149f80ab HTTP/1.1" 200 628 "-" "PostmanRuntime/7.32.3"

info: ::1 - - [08/Aug/2023:10:01:02 +0000] "PUT /api/v1/carts/purchase/64ccd98ec3cc8b2b149f80ab HTTP/1.1" 200 647 "-" "PostmanRuntime/7.32.3"

info: ::1 - - [08/Aug/2023:10:02:25 +0000] "POST /api/v1/users/login HTTP/1.1" 202 319 "-" "PostmanRuntime/7.32.3"

info: ::1 - - [08/Aug/2023:10:03:22 +0000] "POST /api/v1/carts/6215178d05253301a4fda5c4 HTTP/1.1" 400 40 "-" "PostmanRuntime/7.32.3"

info: ::1 - - [08/Aug/2023:10:04:00 +0000] "POST /api/v1/users/login HTTP/1.1" 202 319 "-" "PostmanRuntime/7.32.3"

info: ::1 - - [08/Aug/2023:10:04:59 +0000] "POST /api/v1/carts/6215178d05253301a4fda5c4 HTTP/1.1" 201 489 "-" "PostmanRuntime/7.32.3"

info: ::1 - - [08/Aug/2023:10:05:48 +0000] "PUT /api/v1/carts/purchase/64ccd98ec3cc8b2b149f80ab HTTP/1.1" 400 84 "-" "PostmanRuntime/7.32.3"

info: ::1 - - [08/Aug/2023:10:06:17 +0000] "PUT /api/v1/carts/purchase/64ccd98ec3cc8b2b149f80ab HTTP/1.1" 400 84 "-" "PostmanRuntime/7.32.3"

info: ::1 - - [08/Aug/2023:10:06:46 +0000] "PUT /api/v1/carts/purchase/6215178d05253301a4fda5c4 HTTP/1.1" 400 84 "-" "PostmanRuntime/7.32.3"

info: ::1 - - [08/Aug/2023:10:08:18 +0000] "PUT /api/v1/carts/purchase/64d2134bc3c7e732a54a65b1 HTTP/1.1" 200 490 "-" "PostmanRuntime/7.32.3"

info: ::1 - - [08/Aug/2023:10:14:38 +0000] "POST /api/v1/carts/621588af05253301a4fda5ce HTTP/1.1" 201 667 "-" "PostmanRuntime/7.32.3"

info: ::1 - - [08/Aug/2023:10:14:42 +0000] "POST /api/v1/carts/621588af05253301a4fda5ce HTTP/1.1" 201 667 "-" "PostmanRuntime/7.32.3"

info: ::1 - - [08/Aug/2023:10:35:49 +0000] "GET /api/v1/books/search/?key=billy HTTP/1.1" 200 409 "-" "PostmanRuntime/7.32.3"

info: ::1 - - [08/Aug/2023:11:08:50 +0000] "GET /api/v1/books/search/?key=bill HTTP/1.1" 200 409 "-" "PostmanRuntime/7.32.3"

info: ::1 - - [08/Aug/2023:11:08:57 +0000] "GET /api/v1/books/search/?key=bil HTTP/1.1" 200 409 "-" "PostmanRuntime/7.32.3"

info: ::1 - - [08/Aug/2023:11:09:02 +0000] "GET /api/v1/books/search/?key=bi HTTP/1.1" 200 710 "-" "PostmanRuntime/7.32.3"

info: ::1 - - [08/Aug/2023:11:09:22 +0000] "GET /api/v1/books/search/?key=robin HTTP/1.1" 200 368 "-" "PostmanRuntime/7.32.3"

info: ::1 - - [08/Aug/2023:11:34:54 +0000] "GET /api/v1/books/search/?key=lin HTTP/1.1" 200 1955 "-" "PostmanRuntime/7.32.3"

info: ::1 - - [08/Aug/2023:11:38:42 +0000] "POST /api/v1/users/login HTTP/1.1" 202 291 "http://localhost:4200/" "Mozilla/5.0 (X11; Linux x86_64) AppleWebKit/537.36 (KHTML, like Gecko) Chrome/115.0.0.0 Safari/537.36"

info: ::1 - - [08/Aug/2023:11:38:58 +0000] "GET /api/v1//books HTTP/1.1" 200 2624 "http://localhost:4200/" "Mozilla/5.0 (X11; Linux x86_64) AppleWebKit/537.36 (KHTML, like Gecko) Chrome/115.0.0.0 Safari/537.36"

