info: Server started at http://localhost:3000/api/v1/ {"timestamp":"2023-08-01T06:26:59.518Z"}
info: Connected to the database. {"timestamp":"2023-08-01T06:26:59.540Z"}
error: 
    status - 500 
    message - ReferenceError: HttpStatus is not defined
    at newUserValidator (/home/akhil/CFP238/Book_Store_Backend/BookStore/src/validators/user.validator.js:21:16)
    at Layer.handle [as handle_request] (/home/akhil/CFP238/Book_Store_Backend/BookStore/node_modules/express/lib/router/layer.js:95:5)
    at next (/home/akhil/CFP238/Book_Store_Backend/BookStore/node_modules/express/lib/router/route.js:144:13)
    at Route.dispatch (/home/akhil/CFP238/Book_Store_Backend/BookStore/node_modules/express/lib/router/route.js:114:3)
    at Layer.handle [as handle_request] (/home/akhil/CFP238/Book_Store_Backend/BookStore/node_modules/express/lib/router/layer.js:95:5)
    at /home/akhil/CFP238/Book_Store_Backend/BookStore/node_modules/express/lib/router/index.js:284:15
    at Function.process_params (/home/akhil/CFP238/Book_Store_Backend/BookStore/node_modules/express/lib/router/index.js:346:12)
    at next (/home/akhil/CFP238/Book_Store_Backend/BookStore/node_modules/express/lib/router/index.js:280:10)
    at Function.handle (/home/akhil/CFP238/Book_Store_Backend/BookStore/node_modules/express/lib/router/index.js:175:3)
    at router (/home/akhil/CFP238/Book_Store_Backend/BookStore/node_modules/express/lib/router/index.js:47:12)
    at Layer.handle [as handle_request] (/home/akhil/CFP238/Book_Store_Backend/BookStore/node_modules/express/lib/router/layer.js:95:5)
    at trim_prefix (/home/akhil/CFP238/Book_Store_Backend/BookStore/node_modules/express/lib/router/index.js:328:13)
    at /home/akhil/CFP238/Book_Store_Backend/BookStore/node_modules/express/lib/router/index.js:286:9
    at Function.process_params (/home/akhil/CFP238/Book_Store_Backend/BookStore/node_modules/express/lib/router/index.js:346:12)
    at next (/home/akhil/CFP238/Book_Store_Backend/BookStore/node_modules/express/lib/router/index.js:280:10)
    at Function.handle (/home/akhil/CFP238/Book_Store_Backend/BookStore/node_modules/express/lib/router/index.js:175:3)
    at router (/home/akhil/CFP238/Book_Store_Backend/BookStore/node_modules/express/lib/router/index.js:47:12)
    at Layer.handle [as handle_request] (/home/akhil/CFP238/Book_Store_Backend/BookStore/node_modules/express/lib/router/layer.js:95:5)
    at trim_prefix (/home/akhil/CFP238/Book_Store_Backend/BookStore/node_modules/express/lib/router/index.js:328:13)
    at /home/akhil/CFP238/Book_Store_Backend/BookStore/node_modules/express/lib/router/index.js:286:9
    at Function.process_params (/home/akhil/CFP238/Book_Store_Backend/BookStore/node_modules/express/lib/router/index.js:346:12)
    at next (/home/akhil/CFP238/Book_Store_Backend/BookStore/node_modules/express/lib/router/index.js:280:10)
    at logger (/home/akhil/CFP238/Book_Store_Backend/BookStore/node_modules/morgan/index.js:144:5)
    at Layer.handle [as handle_request] (/home/akhil/CFP238/Book_Store_Backend/BookStore/node_modules/express/lib/router/layer.js:95:5)
    at trim_prefix (/home/akhil/CFP238/Book_Store_Backend/BookStore/node_modules/express/lib/router/index.js:328:13)
    at /home/akhil/CFP238/Book_Store_Backend/BookStore/node_modules/express/lib/router/index.js:286:9
    at Function.process_params (/home/akhil/CFP238/Book_Store_Backend/BookStore/node_modules/express/lib/router/index.js:346:12)
    at next (/home/akhil/CFP238/Book_Store_Backend/BookStore/node_modules/express/lib/router/index.js:280:10)
    at /home/akhil/CFP238/Book_Store_Backend/BookStore/node_modules/body-parser/lib/read.js:137:5
    at AsyncResource.runInAsyncScope (node:async_hooks:203:9)
    at invokeCallback (/home/akhil/CFP238/Book_Store_Backend/BookStore/node_modules/raw-body/index.js:231:16)
    at done (/home/akhil/CFP238/Book_Store_Backend/BookStore/node_modules/raw-body/index.js:220:7)
    at IncomingMessage.onEnd (/home/akhil/CFP238/Book_Store_Backend/BookStore/node_modules/raw-body/index.js:280:7)
    at IncomingMessage.emit (node:events:513:28)
    at IncomingMessage.emit (node:domain:489:12)
    at endReadableNT (node:internal/streams/readable:1359:12)
    at processTicksAndRejections (node:internal/process/task_queues:82:21) 
    url - /api/v1/users 
    method - POST 
    IP - ::1
   {"timestamp":"2023-08-01T06:29:13.958Z"}
info: Server started at http://localhost:3000/api/v1/ {"timestamp":"2023-08-01T06:30:49.889Z"}
info: Connected to the database. {"timestamp":"2023-08-01T06:30:49.910Z"}
error: 
    status - 500 
    message - SyntaxError: Unexpected number in JSON at position 130
    at JSON.parse (<anonymous>)
    at parse (/home/akhil/CFP238/Book_Store_Backend/BookStore/node_modules/body-parser/lib/types/json.js:89:19)
    at /home/akhil/CFP238/Book_Store_Backend/BookStore/node_modules/body-parser/lib/read.js:128:18
    at AsyncResource.runInAsyncScope (node:async_hooks:203:9)
    at invokeCallback (/home/akhil/CFP238/Book_Store_Backend/BookStore/node_modules/raw-body/index.js:231:16)
    at done (/home/akhil/CFP238/Book_Store_Backend/BookStore/node_modules/raw-body/index.js:220:7)
    at IncomingMessage.onEnd (/home/akhil/CFP238/Book_Store_Backend/BookStore/node_modules/raw-body/index.js:280:7)
    at IncomingMessage.emit (node:events:513:28)
    at IncomingMessage.emit (node:domain:489:12)
    at endReadableNT (node:internal/streams/readable:1359:12)
    at processTicksAndRejections (node:internal/process/task_queues:82:21) 
    url - /api/v1/users 
    method - POST 
    IP - ::1
   {"timestamp":"2023-08-01T06:31:17.929Z"}
info: Server started at http://localhost:3000/api/v1/ {"timestamp":"2023-08-01T06:32:08.687Z"}
info: Connected to the database. {"timestamp":"2023-08-01T06:32:08.705Z"}
