info: Server started at http://localhost:3000/api/v1/ {"timestamp":"2023-08-01T06:26:59.518Z"}
info: Connected to the database. {"timestamp":"2023-08-01T06:26:59.540Z"}
error: 
    status - 500 
    message - ReferenceError: HttpStatus is not defined
    at newUserValidator (/home/akhil/CFP238/Book_Store_Backend/BookStore/src/validators/user.validator.js:21:16)
    at Layer.handle [as handle_request] (/home/akhil/CFP238/Book_Store_Backend/BookStore/node_modules/express/lib/router/layer.js:95:5)
    at next (/home/akhil/CFP238/Book_Store_Backend/BookStore/node_modules/express/lib/router/route.js:144:13)
    at Route.dispatch (/home/akhil/CFP238/Book_Store_Backend/BookStore/node_modules/express/lib/router/route.js:114:3)
    at Layer.handle [as handle_request] (/home/akhil/CFP238/Book_Store_Backend/BookStore/node_modules/express/lib/router/layer.js:95:5)
    at /home/akhil/CFP238/Book_Store_Backend/BookStore/node_modules/express/lib/router/index.js:284:15
    at Function.process_params (/home/akhil/CFP238/Book_Store_Backend/BookStore/node_modules/express/lib/router/index.js:346:12)
    at next (/home/akhil/CFP238/Book_Store_Backend/BookStore/node_modules/express/lib/router/index.js:280:10)
    at Function.handle (/home/akhil/CFP238/Book_Store_Backend/BookStore/node_modules/express/lib/router/index.js:175:3)
    at router (/home/akhil/CFP238/Book_Store_Backend/BookStore/node_modules/express/lib/router/index.js:47:12)
    at Layer.handle [as handle_request] (/home/akhil/CFP238/Book_Store_Backend/BookStore/node_modules/express/lib/router/layer.js:95:5)
    at trim_prefix (/home/akhil/CFP238/Book_Store_Backend/BookStore/node_modules/express/lib/router/index.js:328:13)
    at /home/akhil/CFP238/Book_Store_Backend/BookStore/node_modules/express/lib/router/index.js:286:9
    at Function.process_params (/home/akhil/CFP238/Book_Store_Backend/BookStore/node_modules/express/lib/router/index.js:346:12)
    at next (/home/akhil/CFP238/Book_Store_Backend/BookStore/node_modules/express/lib/router/index.js:280:10)
    at Function.handle (/home/akhil/CFP238/Book_Store_Backend/BookStore/node_modules/express/lib/router/index.js:175:3)
    at router (/home/akhil/CFP238/Book_Store_Backend/BookStore/node_modules/express/lib/router/index.js:47:12)
    at Layer.handle [as handle_request] (/home/akhil/CFP238/Book_Store_Backend/BookStore/node_modules/express/lib/router/layer.js:95:5)
    at trim_prefix (/home/akhil/CFP238/Book_Store_Backend/BookStore/node_modules/express/lib/router/index.js:328:13)
    at /home/akhil/CFP238/Book_Store_Backend/BookStore/node_modules/express/lib/router/index.js:286:9
    at Function.process_params (/home/akhil/CFP238/Book_Store_Backend/BookStore/node_modules/express/lib/router/index.js:346:12)
    at next (/home/akhil/CFP238/Book_Store_Backend/BookStore/node_modules/express/lib/router/index.js:280:10)
    at logger (/home/akhil/CFP238/Book_Store_Backend/BookStore/node_modules/morgan/index.js:144:5)
    at Layer.handle [as handle_request] (/home/akhil/CFP238/Book_Store_Backend/BookStore/node_modules/express/lib/router/layer.js:95:5)
    at trim_prefix (/home/akhil/CFP238/Book_Store_Backend/BookStore/node_modules/express/lib/router/index.js:328:13)
    at /home/akhil/CFP238/Book_Store_Backend/BookStore/node_modules/express/lib/router/index.js:286:9
    at Function.process_params (/home/akhil/CFP238/Book_Store_Backend/BookStore/node_modules/express/lib/router/index.js:346:12)
    at next (/home/akhil/CFP238/Book_Store_Backend/BookStore/node_modules/express/lib/router/index.js:280:10)
    at /home/akhil/CFP238/Book_Store_Backend/BookStore/node_modules/body-parser/lib/read.js:137:5
    at AsyncResource.runInAsyncScope (node:async_hooks:203:9)
    at invokeCallback (/home/akhil/CFP238/Book_Store_Backend/BookStore/node_modules/raw-body/index.js:231:16)
    at done (/home/akhil/CFP238/Book_Store_Backend/BookStore/node_modules/raw-body/index.js:220:7)
    at IncomingMessage.onEnd (/home/akhil/CFP238/Book_Store_Backend/BookStore/node_modules/raw-body/index.js:280:7)
    at IncomingMessage.emit (node:events:513:28)
    at IncomingMessage.emit (node:domain:489:12)
    at endReadableNT (node:internal/streams/readable:1359:12)
    at processTicksAndRejections (node:internal/process/task_queues:82:21) 
    url - /api/v1/users 
    method - POST 
    IP - ::1
   {"timestamp":"2023-08-01T06:29:13.958Z"}
info: Server started at http://localhost:3000/api/v1/ {"timestamp":"2023-08-01T06:30:49.889Z"}
info: Connected to the database. {"timestamp":"2023-08-01T06:30:49.910Z"}
error: 
    status - 500 
    message - SyntaxError: Unexpected number in JSON at position 130
    at JSON.parse (<anonymous>)
    at parse (/home/akhil/CFP238/Book_Store_Backend/BookStore/node_modules/body-parser/lib/types/json.js:89:19)
    at /home/akhil/CFP238/Book_Store_Backend/BookStore/node_modules/body-parser/lib/read.js:128:18
    at AsyncResource.runInAsyncScope (node:async_hooks:203:9)
    at invokeCallback (/home/akhil/CFP238/Book_Store_Backend/BookStore/node_modules/raw-body/index.js:231:16)
    at done (/home/akhil/CFP238/Book_Store_Backend/BookStore/node_modules/raw-body/index.js:220:7)
    at IncomingMessage.onEnd (/home/akhil/CFP238/Book_Store_Backend/BookStore/node_modules/raw-body/index.js:280:7)
    at IncomingMessage.emit (node:events:513:28)
    at IncomingMessage.emit (node:domain:489:12)
    at endReadableNT (node:internal/streams/readable:1359:12)
    at processTicksAndRejections (node:internal/process/task_queues:82:21) 
    url - /api/v1/users 
    method - POST 
    IP - ::1
   {"timestamp":"2023-08-01T06:31:17.929Z"}
info: Server started at http://localhost:3000/api/v1/ {"timestamp":"2023-08-01T06:32:08.687Z"}
info: Connected to the database. {"timestamp":"2023-08-01T06:32:08.705Z"}
info: Server started at http://localhost:3000/api/v1/ {"timestamp":"2023-08-01T06:58:35.469Z"}
info: Connected to the database. {"timestamp":"2023-08-01T06:58:35.487Z"}
info: Server started at http://localhost:3000/api/v1/ {"timestamp":"2023-08-01T07:01:34.726Z"}
info: Connected to the database. {"timestamp":"2023-08-01T07:01:34.744Z"}
info: Server started at http://localhost:3000/api/v1/ {"timestamp":"2023-08-01T07:02:13.761Z"}
info: Connected to the database. {"timestamp":"2023-08-01T07:02:13.788Z"}
info: Server started at http://localhost:3000/api/v1/ {"timestamp":"2023-08-01T07:05:27.931Z"}
info: Connected to the database. {"timestamp":"2023-08-01T07:05:27.948Z"}
info: Server started at http://localhost:3000/api/v1/ {"timestamp":"2023-08-01T07:06:34.569Z"}
info: Connected to the database. {"timestamp":"2023-08-01T07:06:34.587Z"}
info: Server started at http://localhost:3000/api/v1/ {"timestamp":"2023-08-01T07:06:38.029Z"}
info: Connected to the database. {"timestamp":"2023-08-01T07:06:38.046Z"}
info: Server started at http://localhost:3000/api/v1/ {"timestamp":"2023-08-01T07:07:20.040Z"}
info: Connected to the database. {"timestamp":"2023-08-01T07:07:20.056Z"}
info: Server started at http://localhost:3000/api/v1/ {"timestamp":"2023-08-01T07:08:24.433Z"}
info: Connected to the database. {"timestamp":"2023-08-01T07:08:24.451Z"}
info: Server started at http://localhost:3000/api/v1/ {"timestamp":"2023-08-01T07:10:39.556Z"}
info: Connected to the database. {"timestamp":"2023-08-01T07:10:39.576Z"}
info: Server started at http://localhost:3000/api/v1/ {"timestamp":"2023-08-01T07:12:17.029Z"}
info: Connected to the database. {"timestamp":"2023-08-01T07:12:17.048Z"}
info: Server started at http://localhost:3000/api/v1/ {"timestamp":"2023-08-01T07:14:41.123Z"}
info: Connected to the database. {"timestamp":"2023-08-01T07:14:41.139Z"}
info: Server started at http://localhost:3000/api/v1/ {"timestamp":"2023-08-01T07:19:11.942Z"}
info: Connected to the database. {"timestamp":"2023-08-01T07:19:11.962Z"}
info: Server started at http://localhost:3000/api/v1/ {"timestamp":"2023-08-01T07:20:27.758Z"}
info: Connected to the database. {"timestamp":"2023-08-01T07:20:27.779Z"}
info: Server started at http://localhost:3000/api/v1/ {"timestamp":"2023-08-01T07:22:37.174Z"}
info: Connected to the database. {"timestamp":"2023-08-01T07:22:37.192Z"}
info: Server started at http://localhost:3000/api/v1/ {"timestamp":"2023-08-01T07:23:18.533Z"}
info: Connected to the database. {"timestamp":"2023-08-01T07:23:18.551Z"}
info: Server started at http://localhost:3000/api/v1/ {"timestamp":"2023-08-01T07:25:42.095Z"}
info: Connected to the database. {"timestamp":"2023-08-01T07:25:42.112Z"}
info: Server started at http://localhost:3000/api/v1/ {"timestamp":"2023-08-01T07:25:52.721Z"}
info: Connected to the database. {"timestamp":"2023-08-01T07:25:52.746Z"}
info: Server started at http://localhost:3000/api/v1/ {"timestamp":"2023-08-01T07:26:17.198Z"}
info: Connected to the database. {"timestamp":"2023-08-01T07:26:17.214Z"}
info: Server started at http://localhost:3000/api/v1/ {"timestamp":"2023-08-01T07:26:39.939Z"}
info: Connected to the database. {"timestamp":"2023-08-01T07:26:39.962Z"}
info: Server started at http://localhost:3000/api/v1/ {"timestamp":"2023-08-01T07:30:49.794Z"}
info: Connected to the database. {"timestamp":"2023-08-01T07:30:49.816Z"}
info: Server started at http://localhost:3000/api/v1/ {"timestamp":"2023-08-01T07:31:05.145Z"}
info: Connected to the database. {"timestamp":"2023-08-01T07:31:05.175Z"}
info: Server started at http://localhost:3000/api/v1/ {"timestamp":"2023-08-01T07:31:19.826Z"}
info: Connected to the database. {"timestamp":"2023-08-01T07:31:19.848Z"}
info: Server started at http://localhost:3000/api/v1/ {"timestamp":"2023-08-01T07:32:55.634Z"}
info: Connected to the database. {"timestamp":"2023-08-01T07:32:55.654Z"}
error: uncaughtException: Router.use() requires a middleware function but got a Object
TypeError: Router.use() requires a middleware function but got a Object
    at Function.use (/home/akhil/CFP238/Book_Store_Backend/BookStore/node_modules/express/lib/router/index.js:469:13)
    at routes (/home/akhil/CFP238/Book_Store_Backend/BookStore/src/routes/index.js:15:10)
    at Object.<anonymous> (/home/akhil/CFP238/Book_Store_Backend/BookStore/src/index.js:32:38)
    at Module._compile (node:internal/modules/cjs/loader:1256:14)
    at Module._compile (/home/akhil/CFP238/Book_Store_Backend/BookStore/node_modules/pirates/lib/index.js:117:24)
    at Module._extensions..js (node:internal/modules/cjs/loader:1310:10)
    at Object.newLoader [as .js] (/home/akhil/CFP238/Book_Store_Backend/BookStore/node_modules/pirates/lib/index.js:121:7)
    at Module.load (node:internal/modules/cjs/loader:1119:32)
    at Function.Module._load (node:internal/modules/cjs/loader:960:12)
    at Function.runMain (node:internal/modules/run_main:81:12)
    at Object.<anonymous> (/home/akhil/CFP238/Book_Store_Backend/BookStore/node_modules/@babel/node/src/_babel-node.ts:222:12)
    at Module._compile (node:internal/modules/cjs/loader:1256:14)
    at Object.Module._extensions..js (node:internal/modules/cjs/loader:1310:10)
    at Module.load (node:internal/modules/cjs/loader:1119:32)
    at Function.Module._load (node:internal/modules/cjs/loader:960:12)
    at Function.executeUserEntryPoint [as runMain] (node:internal/modules/run_main:81:12)
    at node:internal/main/run_main_module:23:47 {"date":"Tue Aug 01 2023 13:29:30 GMT+0530 (India Standard Time)","error":{},"exception":true,"os":{"loadavg":[2.93,2.19,1.49],"uptime":15271.73},"process":{"argv":["node","/home/akhil/CFP238/Book_Store_Backend/BookStore/src/index.js"],"cwd":"/home/akhil/CFP238/Book_Store_Backend/BookStore","execPath":"/usr/local/bin/node","gid":1000,"memoryUsage":{"arrayBuffers":19330578,"external":20802088,"heapTotal":93511680,"heapUsed":63481872,"rss":148570112},"pid":27356,"uid":1000,"version":"v18.16.1"},"stack":"TypeError: Router.use() requires a middleware function but got a Object\n    at Function.use (/home/akhil/CFP238/Book_Store_Backend/BookStore/node_modules/express/lib/router/index.js:469:13)\n    at routes (/home/akhil/CFP238/Book_Store_Backend/BookStore/src/routes/index.js:15:10)\n    at Object.<anonymous> (/home/akhil/CFP238/Book_Store_Backend/BookStore/src/index.js:32:38)\n    at Module._compile (node:internal/modules/cjs/loader:1256:14)\n    at Module._compile (/home/akhil/CFP238/Book_Store_Backend/BookStore/node_modules/pirates/lib/index.js:117:24)\n    at Module._extensions..js (node:internal/modules/cjs/loader:1310:10)\n    at Object.newLoader [as .js] (/home/akhil/CFP238/Book_Store_Backend/BookStore/node_modules/pirates/lib/index.js:121:7)\n    at Module.load (node:internal/modules/cjs/loader:1119:32)\n    at Function.Module._load (node:internal/modules/cjs/loader:960:12)\n    at Function.runMain (node:internal/modules/run_main:81:12)\n    at Object.<anonymous> (/home/akhil/CFP238/Book_Store_Backend/BookStore/node_modules/@babel/node/src/_babel-node.ts:222:12)\n    at Module._compile (node:internal/modules/cjs/loader:1256:14)\n    at Object.Module._extensions..js (node:internal/modules/cjs/loader:1310:10)\n    at Module.load (node:internal/modules/cjs/loader:1119:32)\n    at Function.Module._load (node:internal/modules/cjs/loader:960:12)\n    at Function.executeUserEntryPoint [as runMain] (node:internal/modules/run_main:81:12)\n    at node:internal/main/run_main_module:23:47","timestamp":"2023-08-01T07:59:30.442Z","trace":[{"column":13,"file":"/home/akhil/CFP238/Book_Store_Backend/BookStore/node_modules/express/lib/router/index.js","function":"Function.use","line":469,"method":"use","native":false},{"column":10,"file":"/home/akhil/CFP238/Book_Store_Backend/BookStore/src/routes/index.js","function":"routes","line":15,"method":null,"native":false},{"column":38,"file":"/home/akhil/CFP238/Book_Store_Backend/BookStore/src/index.js","function":null,"line":32,"method":null,"native":false},{"column":14,"file":"node:internal/modules/cjs/loader","function":"Module._compile","line":1256,"method":"_compile","native":false},{"column":24,"file":"/home/akhil/CFP238/Book_Store_Backend/BookStore/node_modules/pirates/lib/index.js","function":"Module._compile","line":117,"method":"_compile","native":false},{"column":10,"file":"node:internal/modules/cjs/loader","function":"Module._extensions..js","line":1310,"method":".js","native":false},{"column":7,"file":"/home/akhil/CFP238/Book_Store_Backend/BookStore/node_modules/pirates/lib/index.js","function":"Object.newLoader [as .js]","line":121,"method":"js]","native":false},{"column":32,"file":"node:internal/modules/cjs/loader","function":"Module.load","line":1119,"method":"load","native":false},{"column":12,"file":"node:internal/modules/cjs/loader","function":"Module._load","line":960,"method":"_load","native":false},{"column":12,"file":"node:internal/modules/run_main","function":"Function.runMain","line":81,"method":"runMain","native":false},{"column":12,"file":"/home/akhil/CFP238/Book_Store_Backend/BookStore/node_modules/@babel/node/src/_babel-node.ts","function":null,"line":222,"method":null,"native":false},{"column":14,"file":"node:internal/modules/cjs/loader","function":"Module._compile","line":1256,"method":"_compile","native":false},{"column":10,"file":"node:internal/modules/cjs/loader","function":"Module._extensions..js","line":1310,"method":".js","native":false},{"column":32,"file":"node:internal/modules/cjs/loader","function":"Module.load","line":1119,"method":"load","native":false},{"column":12,"file":"node:internal/modules/cjs/loader","function":"Module._load","line":960,"method":"_load","native":false},{"column":12,"file":"node:internal/modules/run_main","function":"Function.executeUserEntryPoint [as runMain]","line":81,"method":"executeUserEntryPoint [as runMain]","native":false},{"column":47,"file":"node:internal/main/run_main_module","function":null,"line":23,"method":null,"native":false}]}
error: uncaughtException: Router.use() requires a middleware function but got a Object
TypeError: Router.use() requires a middleware function but got a Object
    at Function.use (/home/akhil/CFP238/Book_Store_Backend/BookStore/node_modules/express/lib/router/index.js:469:13)
    at routes (/home/akhil/CFP238/Book_Store_Backend/BookStore/src/routes/index.js:15:10)
    at Object.<anonymous> (/home/akhil/CFP238/Book_Store_Backend/BookStore/src/index.js:32:38)
    at Module._compile (node:internal/modules/cjs/loader:1256:14)
    at Module._compile (/home/akhil/CFP238/Book_Store_Backend/BookStore/node_modules/pirates/lib/index.js:117:24)
    at Module._extensions..js (node:internal/modules/cjs/loader:1310:10)
    at Object.newLoader [as .js] (/home/akhil/CFP238/Book_Store_Backend/BookStore/node_modules/pirates/lib/index.js:121:7)
    at Module.load (node:internal/modules/cjs/loader:1119:32)
    at Function.Module._load (node:internal/modules/cjs/loader:960:12)
    at Function.runMain (node:internal/modules/run_main:81:12)
    at Object.<anonymous> (/home/akhil/CFP238/Book_Store_Backend/BookStore/node_modules/@babel/node/src/_babel-node.ts:222:12)
    at Module._compile (node:internal/modules/cjs/loader:1256:14)
    at Object.Module._extensions..js (node:internal/modules/cjs/loader:1310:10)
    at Module.load (node:internal/modules/cjs/loader:1119:32)
    at Function.Module._load (node:internal/modules/cjs/loader:960:12)
    at Function.executeUserEntryPoint [as runMain] (node:internal/modules/run_main:81:12)
    at node:internal/main/run_main_module:23:47 {"date":"Tue Aug 01 2023 13:30:37 GMT+0530 (India Standard Time)","error":{},"exception":true,"os":{"loadavg":[2.37,2.14,1.52],"uptime":15338.74},"process":{"argv":["node","/home/akhil/CFP238/Book_Store_Backend/BookStore/src/index.js"],"cwd":"/home/akhil/CFP238/Book_Store_Backend/BookStore","execPath":"/usr/local/bin/node","gid":1000,"memoryUsage":{"arrayBuffers":18319292,"external":19790802,"heapTotal":93249536,"heapUsed":47704336,"rss":148070400},"pid":27517,"uid":1000,"version":"v18.16.1"},"stack":"TypeError: Router.use() requires a middleware function but got a Object\n    at Function.use (/home/akhil/CFP238/Book_Store_Backend/BookStore/node_modules/express/lib/router/index.js:469:13)\n    at routes (/home/akhil/CFP238/Book_Store_Backend/BookStore/src/routes/index.js:15:10)\n    at Object.<anonymous> (/home/akhil/CFP238/Book_Store_Backend/BookStore/src/index.js:32:38)\n    at Module._compile (node:internal/modules/cjs/loader:1256:14)\n    at Module._compile (/home/akhil/CFP238/Book_Store_Backend/BookStore/node_modules/pirates/lib/index.js:117:24)\n    at Module._extensions..js (node:internal/modules/cjs/loader:1310:10)\n    at Object.newLoader [as .js] (/home/akhil/CFP238/Book_Store_Backend/BookStore/node_modules/pirates/lib/index.js:121:7)\n    at Module.load (node:internal/modules/cjs/loader:1119:32)\n    at Function.Module._load (node:internal/modules/cjs/loader:960:12)\n    at Function.runMain (node:internal/modules/run_main:81:12)\n    at Object.<anonymous> (/home/akhil/CFP238/Book_Store_Backend/BookStore/node_modules/@babel/node/src/_babel-node.ts:222:12)\n    at Module._compile (node:internal/modules/cjs/loader:1256:14)\n    at Object.Module._extensions..js (node:internal/modules/cjs/loader:1310:10)\n    at Module.load (node:internal/modules/cjs/loader:1119:32)\n    at Function.Module._load (node:internal/modules/cjs/loader:960:12)\n    at Function.executeUserEntryPoint [as runMain] (node:internal/modules/run_main:81:12)\n    at node:internal/main/run_main_module:23:47","timestamp":"2023-08-01T08:00:37.453Z","trace":[{"column":13,"file":"/home/akhil/CFP238/Book_Store_Backend/BookStore/node_modules/express/lib/router/index.js","function":"Function.use","line":469,"method":"use","native":false},{"column":10,"file":"/home/akhil/CFP238/Book_Store_Backend/BookStore/src/routes/index.js","function":"routes","line":15,"method":null,"native":false},{"column":38,"file":"/home/akhil/CFP238/Book_Store_Backend/BookStore/src/index.js","function":null,"line":32,"method":null,"native":false},{"column":14,"file":"node:internal/modules/cjs/loader","function":"Module._compile","line":1256,"method":"_compile","native":false},{"column":24,"file":"/home/akhil/CFP238/Book_Store_Backend/BookStore/node_modules/pirates/lib/index.js","function":"Module._compile","line":117,"method":"_compile","native":false},{"column":10,"file":"node:internal/modules/cjs/loader","function":"Module._extensions..js","line":1310,"method":".js","native":false},{"column":7,"file":"/home/akhil/CFP238/Book_Store_Backend/BookStore/node_modules/pirates/lib/index.js","function":"Object.newLoader [as .js]","line":121,"method":"js]","native":false},{"column":32,"file":"node:internal/modules/cjs/loader","function":"Module.load","line":1119,"method":"load","native":false},{"column":12,"file":"node:internal/modules/cjs/loader","function":"Module._load","line":960,"method":"_load","native":false},{"column":12,"file":"node:internal/modules/run_main","function":"Function.runMain","line":81,"method":"runMain","native":false},{"column":12,"file":"/home/akhil/CFP238/Book_Store_Backend/BookStore/node_modules/@babel/node/src/_babel-node.ts","function":null,"line":222,"method":null,"native":false},{"column":14,"file":"node:internal/modules/cjs/loader","function":"Module._compile","line":1256,"method":"_compile","native":false},{"column":10,"file":"node:internal/modules/cjs/loader","function":"Module._extensions..js","line":1310,"method":".js","native":false},{"column":32,"file":"node:internal/modules/cjs/loader","function":"Module.load","line":1119,"method":"load","native":false},{"column":12,"file":"node:internal/modules/cjs/loader","function":"Module._load","line":960,"method":"_load","native":false},{"column":12,"file":"node:internal/modules/run_main","function":"Function.executeUserEntryPoint [as runMain]","line":81,"method":"executeUserEntryPoint [as runMain]","native":false},{"column":47,"file":"node:internal/main/run_main_module","function":null,"line":23,"method":null,"native":false}]}
info: Connected to the database. {"timestamp":"2023-08-01T08:00:37.496Z"}
error: uncaughtException: Router.use() requires a middleware function but got a Object
TypeError: Router.use() requires a middleware function but got a Object
    at Function.use (/home/akhil/CFP238/Book_Store_Backend/BookStore/node_modules/express/lib/router/index.js:469:13)
    at routes (/home/akhil/CFP238/Book_Store_Backend/BookStore/src/routes/index.js:15:10)
    at Object.<anonymous> (/home/akhil/CFP238/Book_Store_Backend/BookStore/src/index.js:32:38)
    at Module._compile (node:internal/modules/cjs/loader:1256:14)
    at Module._compile (/home/akhil/CFP238/Book_Store_Backend/BookStore/node_modules/pirates/lib/index.js:117:24)
    at Module._extensions..js (node:internal/modules/cjs/loader:1310:10)
    at Object.newLoader [as .js] (/home/akhil/CFP238/Book_Store_Backend/BookStore/node_modules/pirates/lib/index.js:121:7)
    at Module.load (node:internal/modules/cjs/loader:1119:32)
    at Function.Module._load (node:internal/modules/cjs/loader:960:12)
    at Function.runMain (node:internal/modules/run_main:81:12)
    at Object.<anonymous> (/home/akhil/CFP238/Book_Store_Backend/BookStore/node_modules/@babel/node/src/_babel-node.ts:222:12)
    at Module._compile (node:internal/modules/cjs/loader:1256:14)
    at Object.Module._extensions..js (node:internal/modules/cjs/loader:1310:10)
    at Module.load (node:internal/modules/cjs/loader:1119:32)
    at Function.Module._load (node:internal/modules/cjs/loader:960:12)
    at Function.executeUserEntryPoint [as runMain] (node:internal/modules/run_main:81:12) {"date":"Tue Aug 01 2023 13:30:54 GMT+0530 (India Standard Time)","error":{},"exception":true,"os":{"loadavg":[2.44,2.17,1.54],"uptime":15355.71},"process":{"argv":["node","/home/akhil/CFP238/Book_Store_Backend/BookStore/src/index.js"],"cwd":"/home/akhil/CFP238/Book_Store_Backend/BookStore","execPath":"/usr/local/bin/node","gid":1000,"memoryUsage":{"arrayBuffers":19067356,"external":20539553,"heapTotal":90103808,"heapUsed":68699024,"rss":149069824},"pid":27630,"uid":1000,"version":"v18.16.1"},"stack":"TypeError: Router.use() requires a middleware function but got a Object\n    at Function.use (/home/akhil/CFP238/Book_Store_Backend/BookStore/node_modules/express/lib/router/index.js:469:13)\n    at routes (/home/akhil/CFP238/Book_Store_Backend/BookStore/src/routes/index.js:15:10)\n    at Object.<anonymous> (/home/akhil/CFP238/Book_Store_Backend/BookStore/src/index.js:32:38)\n    at Module._compile (node:internal/modules/cjs/loader:1256:14)\n    at Module._compile (/home/akhil/CFP238/Book_Store_Backend/BookStore/node_modules/pirates/lib/index.js:117:24)\n    at Module._extensions..js (node:internal/modules/cjs/loader:1310:10)\n    at Object.newLoader [as .js] (/home/akhil/CFP238/Book_Store_Backend/BookStore/node_modules/pirates/lib/index.js:121:7)\n    at Module.load (node:internal/modules/cjs/loader:1119:32)\n    at Function.Module._load (node:internal/modules/cjs/loader:960:12)\n    at Function.runMain (node:internal/modules/run_main:81:12)\n    at Object.<anonymous> (/home/akhil/CFP238/Book_Store_Backend/BookStore/node_modules/@babel/node/src/_babel-node.ts:222:12)\n    at Module._compile (node:internal/modules/cjs/loader:1256:14)\n    at Object.Module._extensions..js (node:internal/modules/cjs/loader:1310:10)\n    at Module.load (node:internal/modules/cjs/loader:1119:32)\n    at Function.Module._load (node:internal/modules/cjs/loader:960:12)\n    at Function.executeUserEntryPoint [as runMain] (node:internal/modules/run_main:81:12)","timestamp":"2023-08-01T08:00:54.427Z","trace":[{"column":13,"file":"/home/akhil/CFP238/Book_Store_Backend/BookStore/node_modules/express/lib/router/index.js","function":"Function.use","line":469,"method":"use","native":false},{"column":10,"file":"/home/akhil/CFP238/Book_Store_Backend/BookStore/src/routes/index.js","function":"routes","line":15,"method":null,"native":false},{"column":38,"file":"/home/akhil/CFP238/Book_Store_Backend/BookStore/src/index.js","function":null,"line":32,"method":null,"native":false},{"column":14,"file":"node:internal/modules/cjs/loader","function":"Module._compile","line":1256,"method":"_compile","native":false},{"column":24,"file":"/home/akhil/CFP238/Book_Store_Backend/BookStore/node_modules/pirates/lib/index.js","function":"Module._compile","line":117,"method":"_compile","native":false},{"column":10,"file":"node:internal/modules/cjs/loader","function":"Module._extensions..js","line":1310,"method":".js","native":false},{"column":7,"file":"/home/akhil/CFP238/Book_Store_Backend/BookStore/node_modules/pirates/lib/index.js","function":"Object.newLoader [as .js]","line":121,"method":"js]","native":false},{"column":32,"file":"node:internal/modules/cjs/loader","function":"Module.load","line":1119,"method":"load","native":false},{"column":12,"file":"node:internal/modules/cjs/loader","function":"Module._load","line":960,"method":"_load","native":false},{"column":12,"file":"node:internal/modules/run_main","function":"Function.runMain","line":81,"method":"runMain","native":false},{"column":12,"file":"/home/akhil/CFP238/Book_Store_Backend/BookStore/node_modules/@babel/node/src/_babel-node.ts","function":null,"line":222,"method":null,"native":false},{"column":14,"file":"node:internal/modules/cjs/loader","function":"Module._compile","line":1256,"method":"_compile","native":false},{"column":10,"file":"node:internal/modules/cjs/loader","function":"Module._extensions..js","line":1310,"method":".js","native":false},{"column":32,"file":"node:internal/modules/cjs/loader","function":"Module.load","line":1119,"method":"load","native":false},{"column":12,"file":"node:internal/modules/cjs/loader","function":"Module._load","line":960,"method":"_load","native":false},{"column":12,"file":"node:internal/modules/run_main","function":"Function.executeUserEntryPoint [as runMain]","line":81,"method":"executeUserEntryPoint [as runMain]","native":false}]}
info: Connected to the database. {"timestamp":"2023-08-01T08:00:54.466Z"}
info: Server started at http://localhost:3000/api/v1/ {"timestamp":"2023-08-01T08:02:26.299Z"}
info: Connected to the database. {"timestamp":"2023-08-01T08:02:26.320Z"}
info: Server started at http://localhost:3000/api/v1/ {"timestamp":"2023-08-01T08:02:38.042Z"}
info: Connected to the database. {"timestamp":"2023-08-01T08:02:38.063Z"}
info: Server started at http://localhost:3000/api/v1/ {"timestamp":"2023-08-01T08:17:38.254Z"}
info: Connected to the database. {"timestamp":"2023-08-01T08:17:38.297Z"}
info: Server started at http://localhost:3000/api/v1/ {"timestamp":"2023-08-01T08:19:59.118Z"}
info: Connected to the database. {"timestamp":"2023-08-01T08:19:59.145Z"}
info: Server started at http://localhost:3000/api/v1/ {"timestamp":"2023-08-01T08:21:11.139Z"}
info: Connected to the database. {"timestamp":"2023-08-01T08:21:11.164Z"}
info: Server started at http://localhost:3000/api/v1/ {"timestamp":"2023-08-01T08:22:06.428Z"}
info: Connected to the database. {"timestamp":"2023-08-01T08:22:06.455Z"}
info: Server started at http://localhost:3000/api/v1/ {"timestamp":"2023-08-01T08:23:37.062Z"}
info: Connected to the database. {"timestamp":"2023-08-01T08:23:37.093Z"}
info: Server started at http://localhost:3000/api/v1/ {"timestamp":"2023-08-01T08:24:51.919Z"}
info: Connected to the database. {"timestamp":"2023-08-01T08:24:51.946Z"}
info: Server started at http://localhost:3000/api/v1/ {"timestamp":"2023-08-01T08:26:51.972Z"}
info: Connected to the database. {"timestamp":"2023-08-01T08:26:51.994Z"}
info: Server started at http://localhost:3000/api/v1/ {"timestamp":"2023-08-01T08:31:03.359Z"}
info: Connected to the database. {"timestamp":"2023-08-01T08:31:03.386Z"}
info: Server started at http://localhost:3000/api/v1/ {"timestamp":"2023-08-01T08:31:39.841Z"}
info: Connected to the database. {"timestamp":"2023-08-01T08:31:39.868Z"}
info: Server started at http://localhost:3000/api/v1/ {"timestamp":"2023-08-01T08:39:49.453Z"}
info: Connected to the database. {"timestamp":"2023-08-01T08:39:49.487Z"}
info: Server started at http://localhost:3000/api/v1/ {"timestamp":"2023-08-01T08:39:59.246Z"}
info: Connected to the database. {"timestamp":"2023-08-01T08:39:59.272Z"}
info: Server started at http://localhost:3000/api/v1/ {"timestamp":"2023-08-01T08:40:53.358Z"}
info: Connected to the database. {"timestamp":"2023-08-01T08:40:53.387Z"}
info: Server started at http://localhost:3000/api/v1/ {"timestamp":"2023-08-01T08:42:10.678Z"}
info: Connected to the database. {"timestamp":"2023-08-01T08:42:10.706Z"}
info: Server started at http://localhost:3000/api/v1/ {"timestamp":"2023-08-01T08:44:11.851Z"}
info: Connected to the database. {"timestamp":"2023-08-01T08:44:11.882Z"}
info: Server started at http://localhost:3000/api/v1/ {"timestamp":"2023-08-01T08:50:01.839Z"}
info: Connected to the database. {"timestamp":"2023-08-01T08:50:01.872Z"}
info: Server started at http://localhost:3000/api/v1/ {"timestamp":"2023-08-01T08:50:40.427Z"}
info: Connected to the database. {"timestamp":"2023-08-01T08:50:40.458Z"}
info: Server started at http://localhost:3000/api/v1/ {"timestamp":"2023-08-01T08:51:09.562Z"}
info: Connected to the database. {"timestamp":"2023-08-01T08:51:09.594Z"}
info: Server started at http://localhost:3000/api/v1/ {"timestamp":"2023-08-01T08:52:11.501Z"}
info: Connected to the database. {"timestamp":"2023-08-01T08:52:11.536Z"}
info: Server started at http://localhost:3000/api/v1/ {"timestamp":"2023-08-01T08:52:59.666Z"}
info: Connected to the database. {"timestamp":"2023-08-01T08:52:59.699Z"}
info: Server started at http://localhost:3000/api/v1/ {"timestamp":"2023-08-01T08:54:21.641Z"}
info: Connected to the database. {"timestamp":"2023-08-01T08:54:21.670Z"}
info: Server started at http://localhost:3000/api/v1/ {"timestamp":"2023-08-01T08:55:04.555Z"}
info: Connected to the database. {"timestamp":"2023-08-01T08:55:04.584Z"}
info: Server started at http://localhost:3000/api/v1/ {"timestamp":"2023-08-01T08:56:40.380Z"}
info: Connected to the database. {"timestamp":"2023-08-01T08:56:40.422Z"}
info: Server started at http://localhost:3000/api/v1/ {"timestamp":"2023-08-01T08:57:11.392Z"}
info: Connected to the database. {"timestamp":"2023-08-01T08:57:11.426Z"}
info: Server started at http://localhost:3000/api/v1/ {"timestamp":"2023-08-01T09:04:32.517Z"}
info: Connected to the database. {"timestamp":"2023-08-01T09:04:32.560Z"}
info: Server started at http://localhost:3000/api/v1/ {"timestamp":"2023-08-01T09:04:56.821Z"}
info: Connected to the database. {"timestamp":"2023-08-01T09:04:56.847Z"}
info: Server started at http://localhost:3000/api/v1/ {"timestamp":"2023-08-01T09:07:37.458Z"}
info: Connected to the database. {"timestamp":"2023-08-01T09:07:37.499Z"}
info: Server started at http://localhost:3000/api/v1/ {"timestamp":"2023-08-01T09:08:21.543Z"}
info: Connected to the database. {"timestamp":"2023-08-01T09:08:21.580Z"}
info: Server started at http://localhost:3000/api/v1/ {"timestamp":"2023-08-01T09:09:10.893Z"}
info: Connected to the database. {"timestamp":"2023-08-01T09:09:10.923Z"}
info: Server started at http://localhost:3000/api/v1/ {"timestamp":"2023-08-01T09:11:40.417Z"}
info: Connected to the database. {"timestamp":"2023-08-01T09:11:40.444Z"}
info: Server started at http://localhost:3000/api/v1/ {"timestamp":"2023-08-01T09:16:59.007Z"}
error: uncaughtException: EIO: i/o error, write
Error: EIO: i/o error, write
    at writeSync (node:fs:934:3)
    at SyncWriteStream._write (node:internal/fs/sync_write_stream:26:3)
    at writeOrBuffer (node:internal/streams/writable:392:12)
    at _write (node:internal/streams/writable:333:10)
    at SyncWriteStream.Writable.write (node:internal/streams/writable:337:10)
    at Console.log (/home/akhil/CFP238/Book_Store_Backend/BookStore/node_modules/winston/lib/winston/transports/console.js:79:23)
    at Console._write (/home/akhil/CFP238/Book_Store_Backend/BookStore/node_modules/winston-transport/index.js:82:19)
    at doWrite (/home/akhil/CFP238/Book_Store_Backend/BookStore/node_modules/winston-transport/node_modules/readable-stream/lib/_stream_writable.js:390:139)
    at writeOrBuffer (/home/akhil/CFP238/Book_Store_Backend/BookStore/node_modules/winston-transport/node_modules/readable-stream/lib/_stream_writable.js:381:5)
    at Console.Writable.write (/home/akhil/CFP238/Book_Store_Backend/BookStore/node_modules/winston-transport/node_modules/readable-stream/lib/_stream_writable.js:302:11)
    at DerivedLogger.ondata (/home/akhil/CFP238/Book_Store_Backend/BookStore/node_modules/winston/node_modules/readable-stream/lib/_stream_readable.js:629:20)
    at DerivedLogger.emit (node:events:525:35)
    at DerivedLogger.emit (node:domain:489:12)
    at addChunk (/home/akhil/CFP238/Book_Store_Backend/BookStore/node_modules/winston/node_modules/readable-stream/lib/_stream_readable.js:279:12)
    at readableAddChunk (/home/akhil/CFP238/Book_Store_Backend/BookStore/node_modules/winston/node_modules/readable-stream/lib/_stream_readable.js:262:11)
    at DerivedLogger.Readable.push (/home/akhil/CFP238/Book_Store_Backend/BookStore/node_modules/winston/node_modules/readable-stream/lib/_stream_readable.js:228:10)
    at DerivedLogger.Transform.push (/home/akhil/CFP238/Book_Store_Backend/BookStore/node_modules/winston/node_modules/readable-stream/lib/_stream_transform.js:132:32)
    at DerivedLogger._transform (/home/akhil/CFP238/Book_Store_Backend/BookStore/node_modules/winston/lib/winston/logger.js:313:12)
    at DerivedLogger.Transform._read (/home/akhil/CFP238/Book_Store_Backend/BookStore/node_modules/winston/node_modules/readable-stream/lib/_stream_transform.js:166:10)
    at DerivedLogger.Transform._write (/home/akhil/CFP238/Book_Store_Backend/BookStore/node_modules/winston/node_modules/readable-stream/lib/_stream_transform.js:155:83)
    at doWrite (/home/akhil/CFP238/Book_Store_Backend/BookStore/node_modules/winston/node_modules/readable-stream/lib/_stream_writable.js:390:139)
    at writeOrBuffer (/home/akhil/CFP238/Book_Store_Backend/BookStore/node_modules/winston/node_modules/readable-stream/lib/_stream_writable.js:381:5)
    at DerivedLogger.Writable.write (/home/akhil/CFP238/Book_Store_Backend/BookStore/node_modules/winston/node_modules/readable-stream/lib/_stream_writable.js:302:11)
    at DerivedLogger.info (/home/akhil/CFP238/Book_Store_Backend/BookStore/node_modules/winston/lib/winston/create-logger.js:81:14)
    at Server.<anonymous> (/home/akhil/CFP238/Book_Store_Backend/BookStore/src/index.js:38:10)
    at Object.onceWrapper (node:events:627:28)
    at Server.emit (node:events:513:28)
    at Server.emit (node:domain:489:12)
    at emitListeningNT (node:net:1774:10)
    at processTicksAndRejections (node:internal/process/task_queues:81:21) {"date":"Tue Aug 01 2023 14:46:59 GMT+0530 (India Standard Time)","error":{"code":"EIO","errno":-5,"syscall":"write"},"exception":true,"os":{"loadavg":[0.4,0.69,0.77],"uptime":4217.3},"process":{"argv":["node","/home/akhil/CFP238/Book_Store_Backend/BookStore/src/index.js"],"cwd":"/home/akhil/CFP238/Book_Store_Backend/BookStore","execPath":"/usr/local/bin/node","gid":1000,"memoryUsage":{"arrayBuffers":19596608,"external":21087595,"heapTotal":97456128,"heapUsed":57101384,"rss":154587136},"pid":15783,"uid":1000,"version":"v18.16.1"},"stack":"Error: EIO: i/o error, write\n    at writeSync (node:fs:934:3)\n    at SyncWriteStream._write (node:internal/fs/sync_write_stream:26:3)\n    at writeOrBuffer (node:internal/streams/writable:392:12)\n    at _write (node:internal/streams/writable:333:10)\n    at SyncWriteStream.Writable.write (node:internal/streams/writable:337:10)\n    at Console.log (/home/akhil/CFP238/Book_Store_Backend/BookStore/node_modules/winston/lib/winston/transports/console.js:79:23)\n    at Console._write (/home/akhil/CFP238/Book_Store_Backend/BookStore/node_modules/winston-transport/index.js:82:19)\n    at doWrite (/home/akhil/CFP238/Book_Store_Backend/BookStore/node_modules/winston-transport/node_modules/readable-stream/lib/_stream_writable.js:390:139)\n    at writeOrBuffer (/home/akhil/CFP238/Book_Store_Backend/BookStore/node_modules/winston-transport/node_modules/readable-stream/lib/_stream_writable.js:381:5)\n    at Console.Writable.write (/home/akhil/CFP238/Book_Store_Backend/BookStore/node_modules/winston-transport/node_modules/readable-stream/lib/_stream_writable.js:302:11)\n    at DerivedLogger.ondata (/home/akhil/CFP238/Book_Store_Backend/BookStore/node_modules/winston/node_modules/readable-stream/lib/_stream_readable.js:629:20)\n    at DerivedLogger.emit (node:events:525:35)\n    at DerivedLogger.emit (node:domain:489:12)\n    at addChunk (/home/akhil/CFP238/Book_Store_Backend/BookStore/node_modules/winston/node_modules/readable-stream/lib/_stream_readable.js:279:12)\n    at readableAddChunk (/home/akhil/CFP238/Book_Store_Backend/BookStore/node_modules/winston/node_modules/readable-stream/lib/_stream_readable.js:262:11)\n    at DerivedLogger.Readable.push (/home/akhil/CFP238/Book_Store_Backend/BookStore/node_modules/winston/node_modules/readable-stream/lib/_stream_readable.js:228:10)\n    at DerivedLogger.Transform.push (/home/akhil/CFP238/Book_Store_Backend/BookStore/node_modules/winston/node_modules/readable-stream/lib/_stream_transform.js:132:32)\n    at DerivedLogger._transform (/home/akhil/CFP238/Book_Store_Backend/BookStore/node_modules/winston/lib/winston/logger.js:313:12)\n    at DerivedLogger.Transform._read (/home/akhil/CFP238/Book_Store_Backend/BookStore/node_modules/winston/node_modules/readable-stream/lib/_stream_transform.js:166:10)\n    at DerivedLogger.Transform._write (/home/akhil/CFP238/Book_Store_Backend/BookStore/node_modules/winston/node_modules/readable-stream/lib/_stream_transform.js:155:83)\n    at doWrite (/home/akhil/CFP238/Book_Store_Backend/BookStore/node_modules/winston/node_modules/readable-stream/lib/_stream_writable.js:390:139)\n    at writeOrBuffer (/home/akhil/CFP238/Book_Store_Backend/BookStore/node_modules/winston/node_modules/readable-stream/lib/_stream_writable.js:381:5)\n    at DerivedLogger.Writable.write (/home/akhil/CFP238/Book_Store_Backend/BookStore/node_modules/winston/node_modules/readable-stream/lib/_stream_writable.js:302:11)\n    at DerivedLogger.info (/home/akhil/CFP238/Book_Store_Backend/BookStore/node_modules/winston/lib/winston/create-logger.js:81:14)\n    at Server.<anonymous> (/home/akhil/CFP238/Book_Store_Backend/BookStore/src/index.js:38:10)\n    at Object.onceWrapper (node:events:627:28)\n    at Server.emit (node:events:513:28)\n    at Server.emit (node:domain:489:12)\n    at emitListeningNT (node:net:1774:10)\n    at processTicksAndRejections (node:internal/process/task_queues:81:21)","timestamp":"2023-08-01T09:16:59.025Z","trace":[{"column":3,"file":"node:fs","function":"writeSync","line":934,"method":null,"native":false},{"column":3,"file":"node:internal/fs/sync_write_stream","function":"SyncWriteStream._write","line":26,"method":"_write","native":false},{"column":12,"file":"node:internal/streams/writable","function":"writeOrBuffer","line":392,"method":null,"native":false},{"column":10,"file":"node:internal/streams/writable","function":"_write","line":333,"method":null,"native":false},{"column":10,"file":"node:internal/streams/writable","function":"SyncWriteStream.Writable.write","line":337,"method":"write","native":false},{"column":23,"file":"/home/akhil/CFP238/Book_Store_Backend/BookStore/node_modules/winston/lib/winston/transports/console.js","function":"Console.log","line":79,"method":"log","native":false},{"column":19,"file":"/home/akhil/CFP238/Book_Store_Backend/BookStore/node_modules/winston-transport/index.js","function":"Console._write","line":82,"method":"_write","native":false},{"column":139,"file":"/home/akhil/CFP238/Book_Store_Backend/BookStore/node_modules/winston-transport/node_modules/readable-stream/lib/_stream_writable.js","function":"doWrite","line":390,"method":null,"native":false},{"column":5,"file":"/home/akhil/CFP238/Book_Store_Backend/BookStore/node_modules/winston-transport/node_modules/readable-stream/lib/_stream_writable.js","function":"writeOrBuffer","line":381,"method":null,"native":false},{"column":11,"file":"/home/akhil/CFP238/Book_Store_Backend/BookStore/node_modules/winston-transport/node_modules/readable-stream/lib/_stream_writable.js","function":"Console.Writable.write","line":302,"method":"write","native":false},{"column":20,"file":"/home/akhil/CFP238/Book_Store_Backend/BookStore/node_modules/winston/node_modules/readable-stream/lib/_stream_readable.js","function":"DerivedLogger.ondata","line":629,"method":"ondata","native":false},{"column":35,"file":"node:events","function":"DerivedLogger.emit","line":525,"method":"emit","native":false},{"column":12,"file":"node:domain","function":"DerivedLogger.emit","line":489,"method":"emit","native":false},{"column":12,"file":"/home/akhil/CFP238/Book_Store_Backend/BookStore/node_modules/winston/node_modules/readable-stream/lib/_stream_readable.js","function":"addChunk","line":279,"method":null,"native":false},{"column":11,"file":"/home/akhil/CFP238/Book_Store_Backend/BookStore/node_modules/winston/node_modules/readable-stream/lib/_stream_readable.js","function":"readableAddChunk","line":262,"method":null,"native":false},{"column":10,"file":"/home/akhil/CFP238/Book_Store_Backend/BookStore/node_modules/winston/node_modules/readable-stream/lib/_stream_readable.js","function":"DerivedLogger.Readable.push","line":228,"method":"push","native":false},{"column":32,"file":"/home/akhil/CFP238/Book_Store_Backend/BookStore/node_modules/winston/node_modules/readable-stream/lib/_stream_transform.js","function":"DerivedLogger.Transform.push","line":132,"method":"push","native":false},{"column":12,"file":"/home/akhil/CFP238/Book_Store_Backend/BookStore/node_modules/winston/lib/winston/logger.js","function":"DerivedLogger._transform","line":313,"method":"_transform","native":false},{"column":10,"file":"/home/akhil/CFP238/Book_Store_Backend/BookStore/node_modules/winston/node_modules/readable-stream/lib/_stream_transform.js","function":"DerivedLogger.Transform._read","line":166,"method":"_read","native":false},{"column":83,"file":"/home/akhil/CFP238/Book_Store_Backend/BookStore/node_modules/winston/node_modules/readable-stream/lib/_stream_transform.js","function":"DerivedLogger.Transform._write","line":155,"method":"_write","native":false},{"column":139,"file":"/home/akhil/CFP238/Book_Store_Backend/BookStore/node_modules/winston/node_modules/readable-stream/lib/_stream_writable.js","function":"doWrite","line":390,"method":null,"native":false},{"column":5,"file":"/home/akhil/CFP238/Book_Store_Backend/BookStore/node_modules/winston/node_modules/readable-stream/lib/_stream_writable.js","function":"writeOrBuffer","line":381,"method":null,"native":false},{"column":11,"file":"/home/akhil/CFP238/Book_Store_Backend/BookStore/node_modules/winston/node_modules/readable-stream/lib/_stream_writable.js","function":"DerivedLogger.Writable.write","line":302,"method":"write","native":false},{"column":14,"file":"/home/akhil/CFP238/Book_Store_Backend/BookStore/node_modules/winston/lib/winston/create-logger.js","function":"DerivedLogger.info","line":81,"method":"info","native":false},{"column":10,"file":"/home/akhil/CFP238/Book_Store_Backend/BookStore/src/index.js","function":null,"line":38,"method":null,"native":false},{"column":28,"file":"node:events","function":"Object.onceWrapper","line":627,"method":"onceWrapper","native":false},{"column":28,"file":"node:events","function":"Server.emit","line":513,"method":"emit","native":false},{"column":12,"file":"node:domain","function":"Server.emit","line":489,"method":"emit","native":false},{"column":10,"file":"node:net","function":"emitListeningNT","line":1774,"method":null,"native":false},{"column":21,"file":"node:internal/process/task_queues","function":"processTicksAndRejections","line":81,"method":null,"native":false}]}
info: Connected to the database. {"timestamp":"2023-08-01T09:16:59.051Z"}
info: Server started at http://localhost:3000/api/v1/ {"timestamp":"2023-08-01T11:12:42.162Z"}
info: Connected to the database. {"timestamp":"2023-08-01T11:12:42.238Z"}
info: Server started at http://localhost:3000/api/v1/ {"timestamp":"2023-08-01T11:16:21.428Z"}
error: uncaughtException: EIO: i/o error, write
Error: EIO: i/o error, write
    at writeSync (node:fs:934:3)
    at SyncWriteStream._write (node:internal/fs/sync_write_stream:26:3)
    at writeOrBuffer (node:internal/streams/writable:392:12)
    at _write (node:internal/streams/writable:333:10)
    at SyncWriteStream.Writable.write (node:internal/streams/writable:337:10)
    at Console.log (/home/akhil/CFP238/Book_Store_Backend/BookStore/node_modules/winston/lib/winston/transports/console.js:79:23)
    at Console._write (/home/akhil/CFP238/Book_Store_Backend/BookStore/node_modules/winston-transport/index.js:82:19)
    at doWrite (/home/akhil/CFP238/Book_Store_Backend/BookStore/node_modules/winston-transport/node_modules/readable-stream/lib/_stream_writable.js:390:139)
    at writeOrBuffer (/home/akhil/CFP238/Book_Store_Backend/BookStore/node_modules/winston-transport/node_modules/readable-stream/lib/_stream_writable.js:381:5)
    at Console.Writable.write (/home/akhil/CFP238/Book_Store_Backend/BookStore/node_modules/winston-transport/node_modules/readable-stream/lib/_stream_writable.js:302:11)
    at DerivedLogger.ondata (/home/akhil/CFP238/Book_Store_Backend/BookStore/node_modules/winston/node_modules/readable-stream/lib/_stream_readable.js:629:20)
    at DerivedLogger.emit (node:events:525:35)
    at DerivedLogger.emit (node:domain:489:12)
    at addChunk (/home/akhil/CFP238/Book_Store_Backend/BookStore/node_modules/winston/node_modules/readable-stream/lib/_stream_readable.js:279:12)
    at readableAddChunk (/home/akhil/CFP238/Book_Store_Backend/BookStore/node_modules/winston/node_modules/readable-stream/lib/_stream_readable.js:262:11)
    at DerivedLogger.Readable.push (/home/akhil/CFP238/Book_Store_Backend/BookStore/node_modules/winston/node_modules/readable-stream/lib/_stream_readable.js:228:10)
    at DerivedLogger.Transform.push (/home/akhil/CFP238/Book_Store_Backend/BookStore/node_modules/winston/node_modules/readable-stream/lib/_stream_transform.js:132:32)
    at DerivedLogger._transform (/home/akhil/CFP238/Book_Store_Backend/BookStore/node_modules/winston/lib/winston/logger.js:313:12)
    at DerivedLogger.Transform._read (/home/akhil/CFP238/Book_Store_Backend/BookStore/node_modules/winston/node_modules/readable-stream/lib/_stream_transform.js:166:10)
    at DerivedLogger.Transform._write (/home/akhil/CFP238/Book_Store_Backend/BookStore/node_modules/winston/node_modules/readable-stream/lib/_stream_transform.js:155:83)
    at doWrite (/home/akhil/CFP238/Book_Store_Backend/BookStore/node_modules/winston/node_modules/readable-stream/lib/_stream_writable.js:390:139)
    at writeOrBuffer (/home/akhil/CFP238/Book_Store_Backend/BookStore/node_modules/winston/node_modules/readable-stream/lib/_stream_writable.js:381:5)
    at DerivedLogger.Writable.write (/home/akhil/CFP238/Book_Store_Backend/BookStore/node_modules/winston/node_modules/readable-stream/lib/_stream_writable.js:302:11)
    at DerivedLogger.info (/home/akhil/CFP238/Book_Store_Backend/BookStore/node_modules/winston/lib/winston/create-logger.js:81:14)
    at Server.<anonymous> (/home/akhil/CFP238/Book_Store_Backend/BookStore/src/index.js:38:10)
    at Object.onceWrapper (node:events:627:28)
    at Server.emit (node:events:513:28)
    at Server.emit (node:domain:489:12)
    at emitListeningNT (node:net:1774:10)
    at processTicksAndRejections (node:internal/process/task_queues:81:21) {"date":"Tue Aug 01 2023 16:46:21 GMT+0530 (India Standard Time)","error":{"code":"EIO","errno":-5,"syscall":"write"},"exception":true,"os":{"loadavg":[4.05,2.41,1.93],"uptime":11379.72},"process":{"argv":["node","/home/akhil/CFP238/Book_Store_Backend/BookStore/src/index.js"],"cwd":"/home/akhil/CFP238/Book_Store_Backend/BookStore","execPath":"/usr/local/bin/node","gid":1000,"memoryUsage":{"arrayBuffers":19798879,"external":21289866,"heapTotal":97193984,"heapUsed":63580504,"rss":154525696},"pid":27463,"uid":1000,"version":"v18.16.1"},"stack":"Error: EIO: i/o error, write\n    at writeSync (node:fs:934:3)\n    at SyncWriteStream._write (node:internal/fs/sync_write_stream:26:3)\n    at writeOrBuffer (node:internal/streams/writable:392:12)\n    at _write (node:internal/streams/writable:333:10)\n    at SyncWriteStream.Writable.write (node:internal/streams/writable:337:10)\n    at Console.log (/home/akhil/CFP238/Book_Store_Backend/BookStore/node_modules/winston/lib/winston/transports/console.js:79:23)\n    at Console._write (/home/akhil/CFP238/Book_Store_Backend/BookStore/node_modules/winston-transport/index.js:82:19)\n    at doWrite (/home/akhil/CFP238/Book_Store_Backend/BookStore/node_modules/winston-transport/node_modules/readable-stream/lib/_stream_writable.js:390:139)\n    at writeOrBuffer (/home/akhil/CFP238/Book_Store_Backend/BookStore/node_modules/winston-transport/node_modules/readable-stream/lib/_stream_writable.js:381:5)\n    at Console.Writable.write (/home/akhil/CFP238/Book_Store_Backend/BookStore/node_modules/winston-transport/node_modules/readable-stream/lib/_stream_writable.js:302:11)\n    at DerivedLogger.ondata (/home/akhil/CFP238/Book_Store_Backend/BookStore/node_modules/winston/node_modules/readable-stream/lib/_stream_readable.js:629:20)\n    at DerivedLogger.emit (node:events:525:35)\n    at DerivedLogger.emit (node:domain:489:12)\n    at addChunk (/home/akhil/CFP238/Book_Store_Backend/BookStore/node_modules/winston/node_modules/readable-stream/lib/_stream_readable.js:279:12)\n    at readableAddChunk (/home/akhil/CFP238/Book_Store_Backend/BookStore/node_modules/winston/node_modules/readable-stream/lib/_stream_readable.js:262:11)\n    at DerivedLogger.Readable.push (/home/akhil/CFP238/Book_Store_Backend/BookStore/node_modules/winston/node_modules/readable-stream/lib/_stream_readable.js:228:10)\n    at DerivedLogger.Transform.push (/home/akhil/CFP238/Book_Store_Backend/BookStore/node_modules/winston/node_modules/readable-stream/lib/_stream_transform.js:132:32)\n    at DerivedLogger._transform (/home/akhil/CFP238/Book_Store_Backend/BookStore/node_modules/winston/lib/winston/logger.js:313:12)\n    at DerivedLogger.Transform._read (/home/akhil/CFP238/Book_Store_Backend/BookStore/node_modules/winston/node_modules/readable-stream/lib/_stream_transform.js:166:10)\n    at DerivedLogger.Transform._write (/home/akhil/CFP238/Book_Store_Backend/BookStore/node_modules/winston/node_modules/readable-stream/lib/_stream_transform.js:155:83)\n    at doWrite (/home/akhil/CFP238/Book_Store_Backend/BookStore/node_modules/winston/node_modules/readable-stream/lib/_stream_writable.js:390:139)\n    at writeOrBuffer (/home/akhil/CFP238/Book_Store_Backend/BookStore/node_modules/winston/node_modules/readable-stream/lib/_stream_writable.js:381:5)\n    at DerivedLogger.Writable.write (/home/akhil/CFP238/Book_Store_Backend/BookStore/node_modules/winston/node_modules/readable-stream/lib/_stream_writable.js:302:11)\n    at DerivedLogger.info (/home/akhil/CFP238/Book_Store_Backend/BookStore/node_modules/winston/lib/winston/create-logger.js:81:14)\n    at Server.<anonymous> (/home/akhil/CFP238/Book_Store_Backend/BookStore/src/index.js:38:10)\n    at Object.onceWrapper (node:events:627:28)\n    at Server.emit (node:events:513:28)\n    at Server.emit (node:domain:489:12)\n    at emitListeningNT (node:net:1774:10)\n    at processTicksAndRejections (node:internal/process/task_queues:81:21)","timestamp":"2023-08-01T11:16:21.443Z","trace":[{"column":3,"file":"node:fs","function":"writeSync","line":934,"method":null,"native":false},{"column":3,"file":"node:internal/fs/sync_write_stream","function":"SyncWriteStream._write","line":26,"method":"_write","native":false},{"column":12,"file":"node:internal/streams/writable","function":"writeOrBuffer","line":392,"method":null,"native":false},{"column":10,"file":"node:internal/streams/writable","function":"_write","line":333,"method":null,"native":false},{"column":10,"file":"node:internal/streams/writable","function":"SyncWriteStream.Writable.write","line":337,"method":"write","native":false},{"column":23,"file":"/home/akhil/CFP238/Book_Store_Backend/BookStore/node_modules/winston/lib/winston/transports/console.js","function":"Console.log","line":79,"method":"log","native":false},{"column":19,"file":"/home/akhil/CFP238/Book_Store_Backend/BookStore/node_modules/winston-transport/index.js","function":"Console._write","line":82,"method":"_write","native":false},{"column":139,"file":"/home/akhil/CFP238/Book_Store_Backend/BookStore/node_modules/winston-transport/node_modules/readable-stream/lib/_stream_writable.js","function":"doWrite","line":390,"method":null,"native":false},{"column":5,"file":"/home/akhil/CFP238/Book_Store_Backend/BookStore/node_modules/winston-transport/node_modules/readable-stream/lib/_stream_writable.js","function":"writeOrBuffer","line":381,"method":null,"native":false},{"column":11,"file":"/home/akhil/CFP238/Book_Store_Backend/BookStore/node_modules/winston-transport/node_modules/readable-stream/lib/_stream_writable.js","function":"Console.Writable.write","line":302,"method":"write","native":false},{"column":20,"file":"/home/akhil/CFP238/Book_Store_Backend/BookStore/node_modules/winston/node_modules/readable-stream/lib/_stream_readable.js","function":"DerivedLogger.ondata","line":629,"method":"ondata","native":false},{"column":35,"file":"node:events","function":"DerivedLogger.emit","line":525,"method":"emit","native":false},{"column":12,"file":"node:domain","function":"DerivedLogger.emit","line":489,"method":"emit","native":false},{"column":12,"file":"/home/akhil/CFP238/Book_Store_Backend/BookStore/node_modules/winston/node_modules/readable-stream/lib/_stream_readable.js","function":"addChunk","line":279,"method":null,"native":false},{"column":11,"file":"/home/akhil/CFP238/Book_Store_Backend/BookStore/node_modules/winston/node_modules/readable-stream/lib/_stream_readable.js","function":"readableAddChunk","line":262,"method":null,"native":false},{"column":10,"file":"/home/akhil/CFP238/Book_Store_Backend/BookStore/node_modules/winston/node_modules/readable-stream/lib/_stream_readable.js","function":"DerivedLogger.Readable.push","line":228,"method":"push","native":false},{"column":32,"file":"/home/akhil/CFP238/Book_Store_Backend/BookStore/node_modules/winston/node_modules/readable-stream/lib/_stream_transform.js","function":"DerivedLogger.Transform.push","line":132,"method":"push","native":false},{"column":12,"file":"/home/akhil/CFP238/Book_Store_Backend/BookStore/node_modules/winston/lib/winston/logger.js","function":"DerivedLogger._transform","line":313,"method":"_transform","native":false},{"column":10,"file":"/home/akhil/CFP238/Book_Store_Backend/BookStore/node_modules/winston/node_modules/readable-stream/lib/_stream_transform.js","function":"DerivedLogger.Transform._read","line":166,"method":"_read","native":false},{"column":83,"file":"/home/akhil/CFP238/Book_Store_Backend/BookStore/node_modules/winston/node_modules/readable-stream/lib/_stream_transform.js","function":"DerivedLogger.Transform._write","line":155,"method":"_write","native":false},{"column":139,"file":"/home/akhil/CFP238/Book_Store_Backend/BookStore/node_modules/winston/node_modules/readable-stream/lib/_stream_writable.js","function":"doWrite","line":390,"method":null,"native":false},{"column":5,"file":"/home/akhil/CFP238/Book_Store_Backend/BookStore/node_modules/winston/node_modules/readable-stream/lib/_stream_writable.js","function":"writeOrBuffer","line":381,"method":null,"native":false},{"column":11,"file":"/home/akhil/CFP238/Book_Store_Backend/BookStore/node_modules/winston/node_modules/readable-stream/lib/_stream_writable.js","function":"DerivedLogger.Writable.write","line":302,"method":"write","native":false},{"column":14,"file":"/home/akhil/CFP238/Book_Store_Backend/BookStore/node_modules/winston/lib/winston/create-logger.js","function":"DerivedLogger.info","line":81,"method":"info","native":false},{"column":10,"file":"/home/akhil/CFP238/Book_Store_Backend/BookStore/src/index.js","function":null,"line":38,"method":null,"native":false},{"column":28,"file":"node:events","function":"Object.onceWrapper","line":627,"method":"onceWrapper","native":false},{"column":28,"file":"node:events","function":"Server.emit","line":513,"method":"emit","native":false},{"column":12,"file":"node:domain","function":"Server.emit","line":489,"method":"emit","native":false},{"column":10,"file":"node:net","function":"emitListeningNT","line":1774,"method":null,"native":false},{"column":21,"file":"node:internal/process/task_queues","function":"processTicksAndRejections","line":81,"method":null,"native":false}]}
info: Connected to the database. {"timestamp":"2023-08-01T11:16:21.475Z"}
error: uncaughtException: listen EADDRINUSE: address already in use :::3000
Error: listen EADDRINUSE: address already in use :::3000
    at Server.setupListenHandle [as _listen2] (node:net:1740:16)
    at listenInCluster (node:net:1788:12)
    at Server.listen (node:net:1876:7)
    at Function.listen (/home/akhil/CFP238/Book_Store_Backend/BookStore/node_modules/express/lib/application.js:635:24)
    at Object.<anonymous> (/home/akhil/CFP238/Book_Store_Backend/BookStore/src/index.js:37:5)
    at Module._compile (node:internal/modules/cjs/loader:1256:14)
    at Module._compile (/home/akhil/CFP238/Book_Store_Backend/BookStore/node_modules/pirates/lib/index.js:117:24)
    at Module._extensions..js (node:internal/modules/cjs/loader:1310:10)
    at Object.newLoader [as .js] (/home/akhil/CFP238/Book_Store_Backend/BookStore/node_modules/pirates/lib/index.js:121:7)
    at Module.load (node:internal/modules/cjs/loader:1119:32)
    at Function.Module._load (node:internal/modules/cjs/loader:960:12)
    at Function.runMain (node:internal/modules/run_main:81:12)
    at Object.<anonymous> (/home/akhil/CFP238/Book_Store_Backend/BookStore/node_modules/@babel/node/src/_babel-node.ts:222:12)
    at Module._compile (node:internal/modules/cjs/loader:1256:14)
    at Object.Module._extensions..js (node:internal/modules/cjs/loader:1310:10)
    at Module.load (node:internal/modules/cjs/loader:1119:32)
    at Function.Module._load (node:internal/modules/cjs/loader:960:12)
    at Function.executeUserEntryPoint [as runMain] (node:internal/modules/run_main:81:12)
    at node:internal/main/run_main_module:23:47 {"date":"Tue Aug 01 2023 16:46:21 GMT+0530 (India Standard Time)","error":{"address":"::","code":"EADDRINUSE","errno":-98,"port":3000,"syscall":"listen"},"exception":true,"os":{"loadavg":[4.05,2.41,1.93],"uptime":11379.75},"process":{"argv":["node","/home/akhil/CFP238/Book_Store_Backend/BookStore/src/index.js"],"cwd":"/home/akhil/CFP238/Book_Store_Backend/BookStore","execPath":"/usr/local/bin/node","gid":1000,"memoryUsage":{"arrayBuffers":19716038,"external":21205969,"heapTotal":97193984,"heapUsed":64063232,"rss":156770304},"pid":27473,"uid":1000,"version":"v18.16.1"},"stack":"Error: listen EADDRINUSE: address already in use :::3000\n    at Server.setupListenHandle [as _listen2] (node:net:1740:16)\n    at listenInCluster (node:net:1788:12)\n    at Server.listen (node:net:1876:7)\n    at Function.listen (/home/akhil/CFP238/Book_Store_Backend/BookStore/node_modules/express/lib/application.js:635:24)\n    at Object.<anonymous> (/home/akhil/CFP238/Book_Store_Backend/BookStore/src/index.js:37:5)\n    at Module._compile (node:internal/modules/cjs/loader:1256:14)\n    at Module._compile (/home/akhil/CFP238/Book_Store_Backend/BookStore/node_modules/pirates/lib/index.js:117:24)\n    at Module._extensions..js (node:internal/modules/cjs/loader:1310:10)\n    at Object.newLoader [as .js] (/home/akhil/CFP238/Book_Store_Backend/BookStore/node_modules/pirates/lib/index.js:121:7)\n    at Module.load (node:internal/modules/cjs/loader:1119:32)\n    at Function.Module._load (node:internal/modules/cjs/loader:960:12)\n    at Function.runMain (node:internal/modules/run_main:81:12)\n    at Object.<anonymous> (/home/akhil/CFP238/Book_Store_Backend/BookStore/node_modules/@babel/node/src/_babel-node.ts:222:12)\n    at Module._compile (node:internal/modules/cjs/loader:1256:14)\n    at Object.Module._extensions..js (node:internal/modules/cjs/loader:1310:10)\n    at Module.load (node:internal/modules/cjs/loader:1119:32)\n    at Function.Module._load (node:internal/modules/cjs/loader:960:12)\n    at Function.executeUserEntryPoint [as runMain] (node:internal/modules/run_main:81:12)\n    at node:internal/main/run_main_module:23:47","timestamp":"2023-08-01T11:16:21.471Z","trace":[{"column":16,"file":"node:net","function":"Server.setupListenHandle [as _listen2]","line":1740,"method":"setupListenHandle [as _listen2]","native":false},{"column":12,"file":"node:net","function":"listenInCluster","line":1788,"method":null,"native":false},{"column":7,"file":"node:net","function":"Server.listen","line":1876,"method":"listen","native":false},{"column":24,"file":"/home/akhil/CFP238/Book_Store_Backend/BookStore/node_modules/express/lib/application.js","function":"Function.listen","line":635,"method":"listen","native":false},{"column":5,"file":"/home/akhil/CFP238/Book_Store_Backend/BookStore/src/index.js","function":null,"line":37,"method":null,"native":false},{"column":14,"file":"node:internal/modules/cjs/loader","function":"Module._compile","line":1256,"method":"_compile","native":false},{"column":24,"file":"/home/akhil/CFP238/Book_Store_Backend/BookStore/node_modules/pirates/lib/index.js","function":"Module._compile","line":117,"method":"_compile","native":false},{"column":10,"file":"node:internal/modules/cjs/loader","function":"Module._extensions..js","line":1310,"method":".js","native":false},{"column":7,"file":"/home/akhil/CFP238/Book_Store_Backend/BookStore/node_modules/pirates/lib/index.js","function":"Object.newLoader [as .js]","line":121,"method":"js]","native":false},{"column":32,"file":"node:internal/modules/cjs/loader","function":"Module.load","line":1119,"method":"load","native":false},{"column":12,"file":"node:internal/modules/cjs/loader","function":"Module._load","line":960,"method":"_load","native":false},{"column":12,"file":"node:internal/modules/run_main","function":"Function.runMain","line":81,"method":"runMain","native":false},{"column":12,"file":"/home/akhil/CFP238/Book_Store_Backend/BookStore/node_modules/@babel/node/src/_babel-node.ts","function":null,"line":222,"method":null,"native":false},{"column":14,"file":"node:internal/modules/cjs/loader","function":"Module._compile","line":1256,"method":"_compile","native":false},{"column":10,"file":"node:internal/modules/cjs/loader","function":"Module._extensions..js","line":1310,"method":".js","native":false},{"column":32,"file":"node:internal/modules/cjs/loader","function":"Module.load","line":1119,"method":"load","native":false},{"column":12,"file":"node:internal/modules/cjs/loader","function":"Module._load","line":960,"method":"_load","native":false},{"column":12,"file":"node:internal/modules/run_main","function":"Function.executeUserEntryPoint [as runMain]","line":81,"method":"executeUserEntryPoint [as runMain]","native":false},{"column":47,"file":"node:internal/main/run_main_module","function":null,"line":23,"method":null,"native":false}]}
info: Connected to the database. {"timestamp":"2023-08-01T11:16:21.519Z"}
info: Server started at http://localhost:3000/api/v1/ {"timestamp":"2023-08-01T11:16:51.063Z"}
info: Connected to the database. {"timestamp":"2023-08-01T11:16:51.102Z"}
info: Server started at http://localhost:3000/api/v1/ {"timestamp":"2023-08-01T11:17:08.610Z"}
info: Connected to the database. {"timestamp":"2023-08-01T11:17:08.648Z"}
info: Server started at http://localhost:3000/api/v1/ {"timestamp":"2023-08-01T11:19:16.534Z"}
info: Connected to the database. {"timestamp":"2023-08-01T11:19:16.580Z"}
info: Server started at http://localhost:3000/api/v1/ {"timestamp":"2023-08-01T12:26:19.050Z"}
info: Connected to the database. {"timestamp":"2023-08-01T12:26:19.067Z"}
info: Server started at http://localhost:3000/api/v1/ {"timestamp":"2023-08-02T00:55:28.840Z"}
info: Connected to the database. {"timestamp":"2023-08-02T00:55:43.443Z"}
info: Server started at http://localhost:3000/api/v1/ {"timestamp":"2023-08-02T03:00:04.415Z"}
info: Connected to the database. {"timestamp":"2023-08-02T03:00:04.444Z"}
info: Server started at http://localhost:3000/api/v1/ {"timestamp":"2023-08-02T06:45:52.087Z"}
info: Connected to the database. {"timestamp":"2023-08-02T06:45:52.112Z"}
info: Server started at http://localhost:3000/api/v1/ {"timestamp":"2023-08-02T06:46:08.327Z"}
info: Connected to the database. {"timestamp":"2023-08-02T06:46:08.350Z"}
info: Server started at http://localhost:3000/api/v1/ {"timestamp":"2023-08-02T06:46:20.121Z"}
info: Connected to the database. {"timestamp":"2023-08-02T06:46:20.146Z"}
info: Server started at http://localhost:3000/api/v1/ {"timestamp":"2023-08-02T06:47:03.793Z"}
info: Connected to the database. {"timestamp":"2023-08-02T06:47:03.816Z"}
info: Server started at http://localhost:3000/api/v1/ {"timestamp":"2023-08-02T06:47:19.870Z"}
info: Connected to the database. {"timestamp":"2023-08-02T06:47:19.895Z"}
info: Server started at http://localhost:3000/api/v1/ {"timestamp":"2023-08-02T06:55:25.399Z"}
info: Connected to the database. {"timestamp":"2023-08-02T06:55:25.422Z"}
info: Server started at http://localhost:3000/api/v1/ {"timestamp":"2023-08-02T06:55:29.886Z"}
info: Connected to the database. {"timestamp":"2023-08-02T06:55:29.918Z"}
info: Server started at http://localhost:3000/api/v1/ {"timestamp":"2023-08-02T06:57:11.640Z"}
info: Connected to the database. {"timestamp":"2023-08-02T06:57:11.664Z"}
info: Server started at http://localhost:3000/api/v1/ {"timestamp":"2023-08-02T06:59:58.901Z"}
info: Connected to the database. {"timestamp":"2023-08-02T06:59:58.925Z"}
info: Server started at http://localhost:3000/api/v1/ {"timestamp":"2023-08-02T07:08:22.982Z"}
info: Connected to the database. {"timestamp":"2023-08-02T07:08:23.018Z"}
info: Server started at http://localhost:3000/api/v1/ {"timestamp":"2023-08-02T07:09:03.341Z"}
info: Connected to the database. {"timestamp":"2023-08-02T07:09:03.380Z"}
info: Server started at http://localhost:3000/api/v1/ {"timestamp":"2023-08-02T07:09:17.822Z"}
info: Connected to the database. {"timestamp":"2023-08-02T07:09:17.853Z"}
info: Server started at http://localhost:3000/api/v1/ {"timestamp":"2023-08-02T07:13:05.196Z"}
info: Connected to the database. {"timestamp":"2023-08-02T07:13:05.227Z"}
info: Server started at http://localhost:3000/api/v1/ {"timestamp":"2023-08-02T07:15:30.618Z"}
info: Connected to the database. {"timestamp":"2023-08-02T07:15:30.648Z"}
info: Server started at http://localhost:3000/api/v1/ {"timestamp":"2023-08-02T07:15:42.480Z"}
info: Connected to the database. {"timestamp":"2023-08-02T07:15:42.514Z"}
info: Server started at http://localhost:3000/api/v1/ {"timestamp":"2023-08-02T07:18:14.039Z"}
info: Connected to the database. {"timestamp":"2023-08-02T07:18:14.063Z"}
info: Server started at http://localhost:3000/api/v1/ {"timestamp":"2023-08-02T07:18:35.983Z"}
info: Connected to the database. {"timestamp":"2023-08-02T07:18:36.009Z"}
info: Server started at http://localhost:3000/api/v1/ {"timestamp":"2023-08-02T07:19:50.639Z"}
info: Connected to the database. {"timestamp":"2023-08-02T07:19:50.669Z"}
info: Server started at http://localhost:3000/api/v1/ {"timestamp":"2023-08-02T07:20:44.724Z"}
info: Connected to the database. {"timestamp":"2023-08-02T07:20:44.755Z"}
info: Server started at http://localhost:3000/api/v1/ {"timestamp":"2023-08-02T07:23:03.572Z"}
info: Connected to the database. {"timestamp":"2023-08-02T07:23:03.614Z"}
info: Server started at http://localhost:3000/api/v1/ {"timestamp":"2023-08-02T07:24:12.424Z"}
info: Connected to the database. {"timestamp":"2023-08-02T07:24:12.456Z"}
info: Server started at http://localhost:3000/api/v1/ {"timestamp":"2023-08-02T07:24:38.581Z"}
info: Connected to the database. {"timestamp":"2023-08-02T07:24:38.607Z"}
info: Server started at http://localhost:3000/api/v1/ {"timestamp":"2023-08-02T07:26:45.239Z"}
info: Connected to the database. {"timestamp":"2023-08-02T07:26:45.264Z"}
info: Server started at http://localhost:3000/api/v1/ {"timestamp":"2023-08-02T07:29:24.492Z"}
info: Connected to the database. {"timestamp":"2023-08-02T07:29:24.527Z"}
info: Server started at http://localhost:3000/api/v1/ {"timestamp":"2023-08-02T07:30:03.298Z"}
info: Connected to the database. {"timestamp":"2023-08-02T07:30:03.322Z"}
info: Server started at http://localhost:3000/api/v1/ {"timestamp":"2023-08-02T07:30:27.008Z"}
info: Connected to the database. {"timestamp":"2023-08-02T07:30:27.049Z"}
info: Server started at http://localhost:3000/api/v1/ {"timestamp":"2023-08-02T07:49:46.996Z"}
info: Connected to the database. {"timestamp":"2023-08-02T07:49:47.071Z"}
info: Server started at http://localhost:3000/api/v1/ {"timestamp":"2023-08-02T07:50:59.849Z"}
info: Connected to the database. {"timestamp":"2023-08-02T07:50:59.901Z"}
info: Server started at http://localhost:3000/api/v1/ {"timestamp":"2023-08-02T08:43:11.565Z"}
info: Connected to the database. {"timestamp":"2023-08-02T08:43:11.596Z"}
info: Server started at http://localhost:3000/api/v1/ {"timestamp":"2023-08-02T08:43:51.638Z"}
info: Connected to the database. {"timestamp":"2023-08-02T08:43:51.657Z"}
info: Server started at http://localhost:3000/api/v1/ {"timestamp":"2023-08-02T08:44:26.208Z"}
info: Connected to the database. {"timestamp":"2023-08-02T08:44:26.224Z"}
info: Server started at http://localhost:3000/api/v1/ {"timestamp":"2023-08-02T08:56:45.423Z"}
info: Connected to the database. {"timestamp":"2023-08-02T08:56:45.438Z"}
