error: 64d1d578efd59721ad2d3dbe is already present. {"timestamp":"2023-08-18T06:53:08.590Z"}
error: 64d1d578efd59721ad2d3dbe is already present. {"timestamp":"2023-08-18T06:53:22.336Z"}
error: 64d1d578efd59721ad2d3dbe is already present. {"timestamp":"2023-08-18T06:53:25.855Z"}
error: Invalid Password entered by user. {"timestamp":"2023-08-18T09:28:25.185Z"}
error: uncaughtException: listen EADDRINUSE: address already in use :::3000
Error: listen EADDRINUSE: address already in use :::3000
    at Server.setupListenHandle [as _listen2] (node:net:1740:16)
    at listenInCluster (node:net:1788:12)
    at Server.listen (node:net:1876:7)
    at Function.listen (/home/akhil/CFP238/Book_Store_Backend/BookStore/node_modules/express/lib/application.js:635:24)
    at Object.<anonymous> (/home/akhil/CFP238/Book_Store_Backend/BookStore/src/index.js:37:5)
    at Module._compile (node:internal/modules/cjs/loader:1256:14)
    at Module._compile (/home/akhil/CFP238/Book_Store_Backend/BookStore/node_modules/pirates/lib/index.js:117:24)
    at Module._extensions..js (node:internal/modules/cjs/loader:1310:10)
    at Object.newLoader [as .js] (/home/akhil/CFP238/Book_Store_Backend/BookStore/node_modules/pirates/lib/index.js:121:7)
    at Module.load (node:internal/modules/cjs/loader:1119:32)
    at Function.Module._load (node:internal/modules/cjs/loader:960:12)
    at Function.runMain (node:internal/modules/run_main:81:12)
    at Object.<anonymous> (/home/akhil/CFP238/Book_Store_Backend/BookStore/node_modules/@babel/node/src/_babel-node.ts:222:12)
    at Module._compile (node:internal/modules/cjs/loader:1256:14)
    at Object.Module._extensions..js (node:internal/modules/cjs/loader:1310:10)
    at Module.load (node:internal/modules/cjs/loader:1119:32) {"date":"Fri Aug 18 2023 17:27:46 GMT+0530 (India Standard Time)","error":{"address":"::","code":"EADDRINUSE","errno":-98,"port":3000,"syscall":"listen"},"exception":true,"os":{"loadavg":[0.99,0.96,0.99],"uptime":23555.98},"process":{"argv":["node","/home/akhil/CFP238/Book_Store_Backend/BookStore/src/index.js"],"cwd":"/home/akhil/CFP238/Book_Store_Backend/BookStore","execPath":"/usr/local/bin/node","gid":1000,"memoryUsage":{"arrayBuffers":18394187,"external":19884845,"heapTotal":98631680,"heapUsed":65027976,"rss":161419264},"pid":48321,"uid":1000,"version":"v18.16.1"},"stack":"Error: listen EADDRINUSE: address already in use :::3000\n    at Server.setupListenHandle [as _listen2] (node:net:1740:16)\n    at listenInCluster (node:net:1788:12)\n    at Server.listen (node:net:1876:7)\n    at Function.listen (/home/akhil/CFP238/Book_Store_Backend/BookStore/node_modules/express/lib/application.js:635:24)\n    at Object.<anonymous> (/home/akhil/CFP238/Book_Store_Backend/BookStore/src/index.js:37:5)\n    at Module._compile (node:internal/modules/cjs/loader:1256:14)\n    at Module._compile (/home/akhil/CFP238/Book_Store_Backend/BookStore/node_modules/pirates/lib/index.js:117:24)\n    at Module._extensions..js (node:internal/modules/cjs/loader:1310:10)\n    at Object.newLoader [as .js] (/home/akhil/CFP238/Book_Store_Backend/BookStore/node_modules/pirates/lib/index.js:121:7)\n    at Module.load (node:internal/modules/cjs/loader:1119:32)\n    at Function.Module._load (node:internal/modules/cjs/loader:960:12)\n    at Function.runMain (node:internal/modules/run_main:81:12)\n    at Object.<anonymous> (/home/akhil/CFP238/Book_Store_Backend/BookStore/node_modules/@babel/node/src/_babel-node.ts:222:12)\n    at Module._compile (node:internal/modules/cjs/loader:1256:14)\n    at Object.Module._extensions..js (node:internal/modules/cjs/loader:1310:10)\n    at Module.load (node:internal/modules/cjs/loader:1119:32)","timestamp":"2023-08-18T11:57:46.243Z","trace":[{"column":16,"file":"node:net","function":"Server.setupListenHandle [as _listen2]","line":1740,"method":"setupListenHandle [as _listen2]","native":false},{"column":12,"file":"node:net","function":"listenInCluster","line":1788,"method":null,"native":false},{"column":7,"file":"node:net","function":"Server.listen","line":1876,"method":"listen","native":false},{"column":24,"file":"/home/akhil/CFP238/Book_Store_Backend/BookStore/node_modules/express/lib/application.js","function":"Function.listen","line":635,"method":"listen","native":false},{"column":5,"file":"/home/akhil/CFP238/Book_Store_Backend/BookStore/src/index.js","function":null,"line":37,"method":null,"native":false},{"column":14,"file":"node:internal/modules/cjs/loader","function":"Module._compile","line":1256,"method":"_compile","native":false},{"column":24,"file":"/home/akhil/CFP238/Book_Store_Backend/BookStore/node_modules/pirates/lib/index.js","function":"Module._compile","line":117,"method":"_compile","native":false},{"column":10,"file":"node:internal/modules/cjs/loader","function":"Module._extensions..js","line":1310,"method":".js","native":false},{"column":7,"file":"/home/akhil/CFP238/Book_Store_Backend/BookStore/node_modules/pirates/lib/index.js","function":"Object.newLoader [as .js]","line":121,"method":"js]","native":false},{"column":32,"file":"node:internal/modules/cjs/loader","function":"Module.load","line":1119,"method":"load","native":false},{"column":12,"file":"node:internal/modules/cjs/loader","function":"Module._load","line":960,"method":"_load","native":false},{"column":12,"file":"node:internal/modules/run_main","function":"Function.runMain","line":81,"method":"runMain","native":false},{"column":12,"file":"/home/akhil/CFP238/Book_Store_Backend/BookStore/node_modules/@babel/node/src/_babel-node.ts","function":null,"line":222,"method":null,"native":false},{"column":14,"file":"node:internal/modules/cjs/loader","function":"Module._compile","line":1256,"method":"_compile","native":false},{"column":10,"file":"node:internal/modules/cjs/loader","function":"Module._extensions..js","line":1310,"method":".js","native":false},{"column":32,"file":"node:internal/modules/cjs/loader","function":"Module.load","line":1119,"method":"load","native":false}]}
