info: ::1 - - [01/Aug/2023:06:29:04 +0000] "PUT /api/v1/users HTTP/1.1" 404 47 "-" "PostmanRuntime/7.32.3"

info: ::1 - - [01/Aug/2023:06:29:13 +0000] "POST /api/v1/users HTTP/1.1" 500 60 "-" "PostmanRuntime/7.32.3"

info: ::1 - - [01/Aug/2023:06:30:51 +0000] "POST /api/v1/users HTTP/1.1" 400 149 "-" "PostmanRuntime/7.32.3"

info: ::1 - - [01/Aug/2023:06:31:04 +0000] "POST /api/v1/users HTTP/1.1" 400 142 "-" "PostmanRuntime/7.32.3"

info: ::1 - - [01/Aug/2023:06:32:12 +0000] "POST /api/v1/users HTTP/1.1" 201 296 "-" "PostmanRuntime/7.32.3"

info: ::1 - - [01/Aug/2023:06:41:54 +0000] "POST /api/v1/users HTTP/1.1" 201 296 "-" "PostmanRuntime/7.32.3"

info: ::1 - - [01/Aug/2023:06:58:46 +0000] "POST /api/v1/users HTTP/1.1" 400 57 "-" "PostmanRuntime/7.32.3"

info: ::1 - - [01/Aug/2023:06:59:16 +0000] "POST /api/v1/users HTTP/1.1" 201 348 "-" "PostmanRuntime/7.32.3"

info: ::1 - - [01/Aug/2023:06:59:19 +0000] "POST /api/v1/users HTTP/1.1" 400 57 "-" "PostmanRuntime/7.32.3"

info: ::1 - - [01/Aug/2023:07:08:58 +0000] "POST /api/v1/users/login HTTP/1.1" 400 59 "-" "PostmanRuntime/7.32.3"

info: ::1 - - [01/Aug/2023:07:10:43 +0000] "POST /api/v1/users/login HTTP/1.1" 202 291 "-" "PostmanRuntime/7.32.3"

error: uncaughtException: Router.use() requires a middleware function but got a Object
TypeError: Router.use() requires a middleware function but got a Object
    at Function.use (/home/akhil/CFP238/Book_Store_Backend/BookStore/node_modules/express/lib/router/index.js:469:13)
    at routes (/home/akhil/CFP238/Book_Store_Backend/BookStore/src/routes/index.js:15:10)
    at Object.<anonymous> (/home/akhil/CFP238/Book_Store_Backend/BookStore/src/index.js:32:38)
    at Module._compile (node:internal/modules/cjs/loader:1256:14)
    at Module._compile (/home/akhil/CFP238/Book_Store_Backend/BookStore/node_modules/pirates/lib/index.js:117:24)
    at Module._extensions..js (node:internal/modules/cjs/loader:1310:10)
    at Object.newLoader [as .js] (/home/akhil/CFP238/Book_Store_Backend/BookStore/node_modules/pirates/lib/index.js:121:7)
    at Module.load (node:internal/modules/cjs/loader:1119:32)
    at Function.Module._load (node:internal/modules/cjs/loader:960:12)
    at Function.runMain (node:internal/modules/run_main:81:12)
    at Object.<anonymous> (/home/akhil/CFP238/Book_Store_Backend/BookStore/node_modules/@babel/node/src/_babel-node.ts:222:12)
    at Module._compile (node:internal/modules/cjs/loader:1256:14)
    at Object.Module._extensions..js (node:internal/modules/cjs/loader:1310:10)
    at Module.load (node:internal/modules/cjs/loader:1119:32)
    at Function.Module._load (node:internal/modules/cjs/loader:960:12)
    at Function.executeUserEntryPoint [as runMain] (node:internal/modules/run_main:81:12)
    at node:internal/main/run_main_module:23:47 {"date":"Tue Aug 01 2023 13:29:30 GMT+0530 (India Standard Time)","error":{},"exception":true,"os":{"loadavg":[2.93,2.19,1.49],"uptime":15271.73},"process":{"argv":["node","/home/akhil/CFP238/Book_Store_Backend/BookStore/src/index.js"],"cwd":"/home/akhil/CFP238/Book_Store_Backend/BookStore","execPath":"/usr/local/bin/node","gid":1000,"memoryUsage":{"arrayBuffers":19342802,"external":20814352,"heapTotal":93511680,"heapUsed":63650496,"rss":148570112},"pid":27356,"uid":1000,"version":"v18.16.1"},"stack":"TypeError: Router.use() requires a middleware function but got a Object\n    at Function.use (/home/akhil/CFP238/Book_Store_Backend/BookStore/node_modules/express/lib/router/index.js:469:13)\n    at routes (/home/akhil/CFP238/Book_Store_Backend/BookStore/src/routes/index.js:15:10)\n    at Object.<anonymous> (/home/akhil/CFP238/Book_Store_Backend/BookStore/src/index.js:32:38)\n    at Module._compile (node:internal/modules/cjs/loader:1256:14)\n    at Module._compile (/home/akhil/CFP238/Book_Store_Backend/BookStore/node_modules/pirates/lib/index.js:117:24)\n    at Module._extensions..js (node:internal/modules/cjs/loader:1310:10)\n    at Object.newLoader [as .js] (/home/akhil/CFP238/Book_Store_Backend/BookStore/node_modules/pirates/lib/index.js:121:7)\n    at Module.load (node:internal/modules/cjs/loader:1119:32)\n    at Function.Module._load (node:internal/modules/cjs/loader:960:12)\n    at Function.runMain (node:internal/modules/run_main:81:12)\n    at Object.<anonymous> (/home/akhil/CFP238/Book_Store_Backend/BookStore/node_modules/@babel/node/src/_babel-node.ts:222:12)\n    at Module._compile (node:internal/modules/cjs/loader:1256:14)\n    at Object.Module._extensions..js (node:internal/modules/cjs/loader:1310:10)\n    at Module.load (node:internal/modules/cjs/loader:1119:32)\n    at Function.Module._load (node:internal/modules/cjs/loader:960:12)\n    at Function.executeUserEntryPoint [as runMain] (node:internal/modules/run_main:81:12)\n    at node:internal/main/run_main_module:23:47","trace":[{"column":13,"file":"/home/akhil/CFP238/Book_Store_Backend/BookStore/node_modules/express/lib/router/index.js","function":"Function.use","line":469,"method":"use","native":false},{"column":10,"file":"/home/akhil/CFP238/Book_Store_Backend/BookStore/src/routes/index.js","function":"routes","line":15,"method":null,"native":false},{"column":38,"file":"/home/akhil/CFP238/Book_Store_Backend/BookStore/src/index.js","function":null,"line":32,"method":null,"native":false},{"column":14,"file":"node:internal/modules/cjs/loader","function":"Module._compile","line":1256,"method":"_compile","native":false},{"column":24,"file":"/home/akhil/CFP238/Book_Store_Backend/BookStore/node_modules/pirates/lib/index.js","function":"Module._compile","line":117,"method":"_compile","native":false},{"column":10,"file":"node:internal/modules/cjs/loader","function":"Module._extensions..js","line":1310,"method":".js","native":false},{"column":7,"file":"/home/akhil/CFP238/Book_Store_Backend/BookStore/node_modules/pirates/lib/index.js","function":"Object.newLoader [as .js]","line":121,"method":"js]","native":false},{"column":32,"file":"node:internal/modules/cjs/loader","function":"Module.load","line":1119,"method":"load","native":false},{"column":12,"file":"node:internal/modules/cjs/loader","function":"Module._load","line":960,"method":"_load","native":false},{"column":12,"file":"node:internal/modules/run_main","function":"Function.runMain","line":81,"method":"runMain","native":false},{"column":12,"file":"/home/akhil/CFP238/Book_Store_Backend/BookStore/node_modules/@babel/node/src/_babel-node.ts","function":null,"line":222,"method":null,"native":false},{"column":14,"file":"node:internal/modules/cjs/loader","function":"Module._compile","line":1256,"method":"_compile","native":false},{"column":10,"file":"node:internal/modules/cjs/loader","function":"Module._extensions..js","line":1310,"method":".js","native":false},{"column":32,"file":"node:internal/modules/cjs/loader","function":"Module.load","line":1119,"method":"load","native":false},{"column":12,"file":"node:internal/modules/cjs/loader","function":"Module._load","line":960,"method":"_load","native":false},{"column":12,"file":"node:internal/modules/run_main","function":"Function.executeUserEntryPoint [as runMain]","line":81,"method":"executeUserEntryPoint [as runMain]","native":false},{"column":47,"file":"node:internal/main/run_main_module","function":null,"line":23,"method":null,"native":false}]}
error: uncaughtException: Router.use() requires a middleware function but got a Object
TypeError: Router.use() requires a middleware function but got a Object
    at Function.use (/home/akhil/CFP238/Book_Store_Backend/BookStore/node_modules/express/lib/router/index.js:469:13)
    at routes (/home/akhil/CFP238/Book_Store_Backend/BookStore/src/routes/index.js:15:10)
    at Object.<anonymous> (/home/akhil/CFP238/Book_Store_Backend/BookStore/src/index.js:32:38)
    at Module._compile (node:internal/modules/cjs/loader:1256:14)
    at Module._compile (/home/akhil/CFP238/Book_Store_Backend/BookStore/node_modules/pirates/lib/index.js:117:24)
    at Module._extensions..js (node:internal/modules/cjs/loader:1310:10)
    at Object.newLoader [as .js] (/home/akhil/CFP238/Book_Store_Backend/BookStore/node_modules/pirates/lib/index.js:121:7)
    at Module.load (node:internal/modules/cjs/loader:1119:32)
    at Function.Module._load (node:internal/modules/cjs/loader:960:12)
    at Function.runMain (node:internal/modules/run_main:81:12)
    at Object.<anonymous> (/home/akhil/CFP238/Book_Store_Backend/BookStore/node_modules/@babel/node/src/_babel-node.ts:222:12)
    at Module._compile (node:internal/modules/cjs/loader:1256:14)
    at Object.Module._extensions..js (node:internal/modules/cjs/loader:1310:10)
    at Module.load (node:internal/modules/cjs/loader:1119:32)
    at Function.Module._load (node:internal/modules/cjs/loader:960:12)
    at Function.executeUserEntryPoint [as runMain] (node:internal/modules/run_main:81:12)
    at node:internal/main/run_main_module:23:47 {"date":"Tue Aug 01 2023 13:30:37 GMT+0530 (India Standard Time)","error":{},"exception":true,"os":{"loadavg":[2.37,2.14,1.52],"uptime":15338.75},"process":{"argv":["node","/home/akhil/CFP238/Book_Store_Backend/BookStore/src/index.js"],"cwd":"/home/akhil/CFP238/Book_Store_Backend/BookStore","execPath":"/usr/local/bin/node","gid":1000,"memoryUsage":{"arrayBuffers":18331516,"external":19803066,"heapTotal":93249536,"heapUsed":47996344,"rss":148340736},"pid":27517,"uid":1000,"version":"v18.16.1"},"stack":"TypeError: Router.use() requires a middleware function but got a Object\n    at Function.use (/home/akhil/CFP238/Book_Store_Backend/BookStore/node_modules/express/lib/router/index.js:469:13)\n    at routes (/home/akhil/CFP238/Book_Store_Backend/BookStore/src/routes/index.js:15:10)\n    at Object.<anonymous> (/home/akhil/CFP238/Book_Store_Backend/BookStore/src/index.js:32:38)\n    at Module._compile (node:internal/modules/cjs/loader:1256:14)\n    at Module._compile (/home/akhil/CFP238/Book_Store_Backend/BookStore/node_modules/pirates/lib/index.js:117:24)\n    at Module._extensions..js (node:internal/modules/cjs/loader:1310:10)\n    at Object.newLoader [as .js] (/home/akhil/CFP238/Book_Store_Backend/BookStore/node_modules/pirates/lib/index.js:121:7)\n    at Module.load (node:internal/modules/cjs/loader:1119:32)\n    at Function.Module._load (node:internal/modules/cjs/loader:960:12)\n    at Function.runMain (node:internal/modules/run_main:81:12)\n    at Object.<anonymous> (/home/akhil/CFP238/Book_Store_Backend/BookStore/node_modules/@babel/node/src/_babel-node.ts:222:12)\n    at Module._compile (node:internal/modules/cjs/loader:1256:14)\n    at Object.Module._extensions..js (node:internal/modules/cjs/loader:1310:10)\n    at Module.load (node:internal/modules/cjs/loader:1119:32)\n    at Function.Module._load (node:internal/modules/cjs/loader:960:12)\n    at Function.executeUserEntryPoint [as runMain] (node:internal/modules/run_main:81:12)\n    at node:internal/main/run_main_module:23:47","trace":[{"column":13,"file":"/home/akhil/CFP238/Book_Store_Backend/BookStore/node_modules/express/lib/router/index.js","function":"Function.use","line":469,"method":"use","native":false},{"column":10,"file":"/home/akhil/CFP238/Book_Store_Backend/BookStore/src/routes/index.js","function":"routes","line":15,"method":null,"native":false},{"column":38,"file":"/home/akhil/CFP238/Book_Store_Backend/BookStore/src/index.js","function":null,"line":32,"method":null,"native":false},{"column":14,"file":"node:internal/modules/cjs/loader","function":"Module._compile","line":1256,"method":"_compile","native":false},{"column":24,"file":"/home/akhil/CFP238/Book_Store_Backend/BookStore/node_modules/pirates/lib/index.js","function":"Module._compile","line":117,"method":"_compile","native":false},{"column":10,"file":"node:internal/modules/cjs/loader","function":"Module._extensions..js","line":1310,"method":".js","native":false},{"column":7,"file":"/home/akhil/CFP238/Book_Store_Backend/BookStore/node_modules/pirates/lib/index.js","function":"Object.newLoader [as .js]","line":121,"method":"js]","native":false},{"column":32,"file":"node:internal/modules/cjs/loader","function":"Module.load","line":1119,"method":"load","native":false},{"column":12,"file":"node:internal/modules/cjs/loader","function":"Module._load","line":960,"method":"_load","native":false},{"column":12,"file":"node:internal/modules/run_main","function":"Function.runMain","line":81,"method":"runMain","native":false},{"column":12,"file":"/home/akhil/CFP238/Book_Store_Backend/BookStore/node_modules/@babel/node/src/_babel-node.ts","function":null,"line":222,"method":null,"native":false},{"column":14,"file":"node:internal/modules/cjs/loader","function":"Module._compile","line":1256,"method":"_compile","native":false},{"column":10,"file":"node:internal/modules/cjs/loader","function":"Module._extensions..js","line":1310,"method":".js","native":false},{"column":32,"file":"node:internal/modules/cjs/loader","function":"Module.load","line":1119,"method":"load","native":false},{"column":12,"file":"node:internal/modules/cjs/loader","function":"Module._load","line":960,"method":"_load","native":false},{"column":12,"file":"node:internal/modules/run_main","function":"Function.executeUserEntryPoint [as runMain]","line":81,"method":"executeUserEntryPoint [as runMain]","native":false},{"column":47,"file":"node:internal/main/run_main_module","function":null,"line":23,"method":null,"native":false}]}
error: uncaughtException: Router.use() requires a middleware function but got a Object
TypeError: Router.use() requires a middleware function but got a Object
    at Function.use (/home/akhil/CFP238/Book_Store_Backend/BookStore/node_modules/express/lib/router/index.js:469:13)
    at routes (/home/akhil/CFP238/Book_Store_Backend/BookStore/src/routes/index.js:15:10)
    at Object.<anonymous> (/home/akhil/CFP238/Book_Store_Backend/BookStore/src/index.js:32:38)
    at Module._compile (node:internal/modules/cjs/loader:1256:14)
    at Module._compile (/home/akhil/CFP238/Book_Store_Backend/BookStore/node_modules/pirates/lib/index.js:117:24)
    at Module._extensions..js (node:internal/modules/cjs/loader:1310:10)
    at Object.newLoader [as .js] (/home/akhil/CFP238/Book_Store_Backend/BookStore/node_modules/pirates/lib/index.js:121:7)
    at Module.load (node:internal/modules/cjs/loader:1119:32)
    at Function.Module._load (node:internal/modules/cjs/loader:960:12)
    at Function.runMain (node:internal/modules/run_main:81:12)
    at Object.<anonymous> (/home/akhil/CFP238/Book_Store_Backend/BookStore/node_modules/@babel/node/src/_babel-node.ts:222:12)
    at Module._compile (node:internal/modules/cjs/loader:1256:14)
    at Object.Module._extensions..js (node:internal/modules/cjs/loader:1310:10)
    at Module.load (node:internal/modules/cjs/loader:1119:32)
    at Function.Module._load (node:internal/modules/cjs/loader:960:12)
    at Function.executeUserEntryPoint [as runMain] (node:internal/modules/run_main:81:12) {"date":"Tue Aug 01 2023 13:30:54 GMT+0530 (India Standard Time)","error":{},"exception":true,"os":{"loadavg":[2.64,2.22,1.56],"uptime":15355.72},"process":{"argv":["node","/home/akhil/CFP238/Book_Store_Backend/BookStore/src/index.js"],"cwd":"/home/akhil/CFP238/Book_Store_Backend/BookStore","execPath":"/usr/local/bin/node","gid":1000,"memoryUsage":{"arrayBuffers":19079160,"external":20551397,"heapTotal":90103808,"heapUsed":68815304,"rss":149340160},"pid":27630,"uid":1000,"version":"v18.16.1"},"stack":"TypeError: Router.use() requires a middleware function but got a Object\n    at Function.use (/home/akhil/CFP238/Book_Store_Backend/BookStore/node_modules/express/lib/router/index.js:469:13)\n    at routes (/home/akhil/CFP238/Book_Store_Backend/BookStore/src/routes/index.js:15:10)\n    at Object.<anonymous> (/home/akhil/CFP238/Book_Store_Backend/BookStore/src/index.js:32:38)\n    at Module._compile (node:internal/modules/cjs/loader:1256:14)\n    at Module._compile (/home/akhil/CFP238/Book_Store_Backend/BookStore/node_modules/pirates/lib/index.js:117:24)\n    at Module._extensions..js (node:internal/modules/cjs/loader:1310:10)\n    at Object.newLoader [as .js] (/home/akhil/CFP238/Book_Store_Backend/BookStore/node_modules/pirates/lib/index.js:121:7)\n    at Module.load (node:internal/modules/cjs/loader:1119:32)\n    at Function.Module._load (node:internal/modules/cjs/loader:960:12)\n    at Function.runMain (node:internal/modules/run_main:81:12)\n    at Object.<anonymous> (/home/akhil/CFP238/Book_Store_Backend/BookStore/node_modules/@babel/node/src/_babel-node.ts:222:12)\n    at Module._compile (node:internal/modules/cjs/loader:1256:14)\n    at Object.Module._extensions..js (node:internal/modules/cjs/loader:1310:10)\n    at Module.load (node:internal/modules/cjs/loader:1119:32)\n    at Function.Module._load (node:internal/modules/cjs/loader:960:12)\n    at Function.executeUserEntryPoint [as runMain] (node:internal/modules/run_main:81:12)","trace":[{"column":13,"file":"/home/akhil/CFP238/Book_Store_Backend/BookStore/node_modules/express/lib/router/index.js","function":"Function.use","line":469,"method":"use","native":false},{"column":10,"file":"/home/akhil/CFP238/Book_Store_Backend/BookStore/src/routes/index.js","function":"routes","line":15,"method":null,"native":false},{"column":38,"file":"/home/akhil/CFP238/Book_Store_Backend/BookStore/src/index.js","function":null,"line":32,"method":null,"native":false},{"column":14,"file":"node:internal/modules/cjs/loader","function":"Module._compile","line":1256,"method":"_compile","native":false},{"column":24,"file":"/home/akhil/CFP238/Book_Store_Backend/BookStore/node_modules/pirates/lib/index.js","function":"Module._compile","line":117,"method":"_compile","native":false},{"column":10,"file":"node:internal/modules/cjs/loader","function":"Module._extensions..js","line":1310,"method":".js","native":false},{"column":7,"file":"/home/akhil/CFP238/Book_Store_Backend/BookStore/node_modules/pirates/lib/index.js","function":"Object.newLoader [as .js]","line":121,"method":"js]","native":false},{"column":32,"file":"node:internal/modules/cjs/loader","function":"Module.load","line":1119,"method":"load","native":false},{"column":12,"file":"node:internal/modules/cjs/loader","function":"Module._load","line":960,"method":"_load","native":false},{"column":12,"file":"node:internal/modules/run_main","function":"Function.runMain","line":81,"method":"runMain","native":false},{"column":12,"file":"/home/akhil/CFP238/Book_Store_Backend/BookStore/node_modules/@babel/node/src/_babel-node.ts","function":null,"line":222,"method":null,"native":false},{"column":14,"file":"node:internal/modules/cjs/loader","function":"Module._compile","line":1256,"method":"_compile","native":false},{"column":10,"file":"node:internal/modules/cjs/loader","function":"Module._extensions..js","line":1310,"method":".js","native":false},{"column":32,"file":"node:internal/modules/cjs/loader","function":"Module.load","line":1119,"method":"load","native":false},{"column":12,"file":"node:internal/modules/cjs/loader","function":"Module._load","line":960,"method":"_load","native":false},{"column":12,"file":"node:internal/modules/run_main","function":"Function.executeUserEntryPoint [as runMain]","line":81,"method":"executeUserEntryPoint [as runMain]","native":false}]}
info: ::1 - - [01/Aug/2023:08:18:01 +0000] "GET /api/v1/books HTTP/1.1" 200 9282 "-" "PostmanRuntime/7.32.3"

info: ::1 - - [01/Aug/2023:08:22:14 +0000] "GET /api/v1/books HTTP/1.1" 400 40 "-" "PostmanRuntime/7.32.3"

info: ::1 - - [01/Aug/2023:08:23:41 +0000] "GET /api/v1/books HTTP/1.1" 400 40 "-" "PostmanRuntime/7.32.3"

info: ::1 - - [01/Aug/2023:08:24:52 +0000] "GET /api/v1/books HTTP/1.1" 400 40 "-" "PostmanRuntime/7.32.3"

info: ::1 - - [01/Aug/2023:08:24:54 +0000] "GET /api/v1/books HTTP/1.1" 400 40 "-" "PostmanRuntime/7.32.3"

info: ::1 - - [01/Aug/2023:08:31:54 +0000] "GET /api/v1/books HTTP/1.1" 400 40 "-" "PostmanRuntime/7.32.3"

info: ::1 - - [01/Aug/2023:08:32:12 +0000] "GET /api/v1/books HTTP/1.1" 400 40 "-" "PostmanRuntime/7.32.3"

info: ::1 - - [01/Aug/2023:08:32:14 +0000] "GET /api/v1/books HTTP/1.1" 400 40 "-" "PostmanRuntime/7.32.3"

info: ::1 - - [01/Aug/2023:08:34:11 +0000] "POST /api/v1/users/login HTTP/1.1" 202 291 "-" "PostmanRuntime/7.32.3"

info: ::1 - - [01/Aug/2023:08:34:39 +0000] "GET /api-docs/swagger-ui.css HTTP/1.1" 404 47 "-" "Mozilla/5.0 (X11; Linux x86_64) AppleWebKit/537.36 (KHTML, like Gecko) Chrome/115.0.0.0 Safari/537.36"

info: ::1 - - [01/Aug/2023:08:34:39 +0000] "GET /api-docs/swagger-ui-bundle.js HTTP/1.1" 404 47 "-" "Mozilla/5.0 (X11; Linux x86_64) AppleWebKit/537.36 (KHTML, like Gecko) Chrome/115.0.0.0 Safari/537.36"

info: ::1 - - [01/Aug/2023:08:34:39 +0000] "GET /api-docs/swagger-ui-standalone-preset.js HTTP/1.1" 404 47 "-" "Mozilla/5.0 (X11; Linux x86_64) AppleWebKit/537.36 (KHTML, like Gecko) Chrome/115.0.0.0 Safari/537.36"

info: ::1 - - [01/Aug/2023:08:34:39 +0000] "GET /api-docs/swagger-ui-init.js HTTP/1.1" 404 47 "-" "Mozilla/5.0 (X11; Linux x86_64) AppleWebKit/537.36 (KHTML, like Gecko) Chrome/115.0.0.0 Safari/537.36"

info: ::1 - - [01/Aug/2023:08:34:39 +0000] "GET /api-docs/swagger-ui.css HTTP/1.1" 404 47 "-" "Mozilla/5.0 (X11; Linux x86_64) AppleWebKit/537.36 (KHTML, like Gecko) Chrome/115.0.0.0 Safari/537.36"

info: ::1 - - [01/Aug/2023:08:34:39 +0000] "GET /api-docs/favicon-32x32.png HTTP/1.1" 404 47 "-" "Mozilla/5.0 (X11; Linux x86_64) AppleWebKit/537.36 (KHTML, like Gecko) Chrome/115.0.0.0 Safari/537.36"

info: ::1 - - [01/Aug/2023:08:34:39 +0000] "GET /api-docs/favicon-16x16.png HTTP/1.1" 404 47 "-" "Mozilla/5.0 (X11; Linux x86_64) AppleWebKit/537.36 (KHTML, like Gecko) Chrome/115.0.0.0 Safari/537.36"

info: ::1 - - [01/Aug/2023:08:36:02 +0000] "GET /api/v1/books HTTP/1.1" 400 86 "-" "PostmanRuntime/7.32.3"

info: ::1 - - [01/Aug/2023:08:40:05 +0000] "GET /api/v1/books HTTP/1.1" 400 86 "-" "PostmanRuntime/7.32.3"

info: ::1 - - [01/Aug/2023:08:40:07 +0000] "GET /api/v1/books HTTP/1.1" 400 86 "-" "PostmanRuntime/7.32.3"

info: ::1 - - [01/Aug/2023:08:40:08 +0000] "GET /api/v1/books HTTP/1.1" 400 86 "-" "PostmanRuntime/7.32.3"

info: ::1 - - [01/Aug/2023:08:40:10 +0000] "GET /api/v1/books HTTP/1.1" 400 86 "-" "PostmanRuntime/7.32.3"

info: ::1 - - [01/Aug/2023:08:40:56 +0000] "GET /api/v1/books HTTP/1.1" 400 86 "-" "PostmanRuntime/7.32.3"

info: ::1 - - [01/Aug/2023:08:41:04 +0000] "GET /api/v1/books HTTP/1.1" 400 86 "-" "PostmanRuntime/7.32.3"

info: ::1 - - [01/Aug/2023:08:42:14 +0000] "GET /api/v1/books HTTP/1.1" 400 86 "-" "PostmanRuntime/7.32.3"

info: ::1 - - [01/Aug/2023:08:44:15 +0000] "GET /api/v1/books HTTP/1.1" 400 86 "-" "PostmanRuntime/7.32.3"

info: ::1 - - [01/Aug/2023:08:50:43 +0000] "GET /api/v1/books HTTP/1.1" 400 86 "-" "PostmanRuntime/7.32.3"

info: ::1 - - [01/Aug/2023:08:50:46 +0000] "GET /api/v1/books HTTP/1.1" 400 86 "-" "PostmanRuntime/7.32.3"

info: ::1 - - [01/Aug/2023:08:51:12 +0000] "GET /api/v1/books HTTP/1.1" 400 151 "-" "PostmanRuntime/7.32.3"

info: ::1 - - [01/Aug/2023:08:52:15 +0000] "GET /api/v1/books HTTP/1.1" 400 168 "-" "PostmanRuntime/7.32.3"

info: ::1 - - [01/Aug/2023:08:53:02 +0000] "GET /api/v1/books HTTP/1.1" 400 168 "-" "PostmanRuntime/7.32.3"

info: ::1 - - [01/Aug/2023:08:55:08 +0000] "GET /api/v1/books HTTP/1.1" 400 151 "-" "PostmanRuntime/7.32.3"

info: ::1 - - [01/Aug/2023:08:56:43 +0000] "GET /api/v1/books HTTP/1.1" 400 151 "-" "PostmanRuntime/7.32.3"

info: ::1 - - [01/Aug/2023:08:57:13 +0000] "GET /api/v1/books HTTP/1.1" 400 86 "-" "PostmanRuntime/7.32.3"

info: ::1 - - [01/Aug/2023:09:04:00 +0000] "GET /api/v1/books HTTP/1.1" 400 86 "-" "PostmanRuntime/7.32.3"

info: ::1 - - [01/Aug/2023:09:04:36 +0000] "GET /api/v1/books HTTP/1.1" 400 86 "-" "PostmanRuntime/7.32.3"

info: ::1 - - [01/Aug/2023:09:05:03 +0000] "GET /api/v1/books HTTP/1.1" 400 168 "-" "PostmanRuntime/7.32.3"

info: ::1 - - [01/Aug/2023:09:07:41 +0000] "GET /api/v1/books HTTP/1.1" 400 168 "-" "PostmanRuntime/7.32.3"

info: ::1 - - [01/Aug/2023:09:08:24 +0000] "GET /api/v1/books HTTP/1.1" 400 168 "-" "PostmanRuntime/7.32.3"

info: ::1 - - [01/Aug/2023:09:09:15 +0000] "GET /api/v1/books HTTP/1.1" 200 4718 "-" "PostmanRuntime/7.32.3"

error: uncaughtException: EIO: i/o error, write
Error: EIO: i/o error, write
    at writeSync (node:fs:934:3)
    at SyncWriteStream._write (node:internal/fs/sync_write_stream:26:3)
    at writeOrBuffer (node:internal/streams/writable:392:12)
    at _write (node:internal/streams/writable:333:10)
    at SyncWriteStream.Writable.write (node:internal/streams/writable:337:10)
    at Console.log (/home/akhil/CFP238/Book_Store_Backend/BookStore/node_modules/winston/lib/winston/transports/console.js:79:23)
    at Console._write (/home/akhil/CFP238/Book_Store_Backend/BookStore/node_modules/winston-transport/index.js:82:19)
    at doWrite (/home/akhil/CFP238/Book_Store_Backend/BookStore/node_modules/winston-transport/node_modules/readable-stream/lib/_stream_writable.js:390:139)
    at writeOrBuffer (/home/akhil/CFP238/Book_Store_Backend/BookStore/node_modules/winston-transport/node_modules/readable-stream/lib/_stream_writable.js:381:5)
    at Console.Writable.write (/home/akhil/CFP238/Book_Store_Backend/BookStore/node_modules/winston-transport/node_modules/readable-stream/lib/_stream_writable.js:302:11)
    at DerivedLogger.ondata (/home/akhil/CFP238/Book_Store_Backend/BookStore/node_modules/winston/node_modules/readable-stream/lib/_stream_readable.js:629:20)
    at DerivedLogger.emit (node:events:525:35)
    at DerivedLogger.emit (node:domain:489:12)
    at addChunk (/home/akhil/CFP238/Book_Store_Backend/BookStore/node_modules/winston/node_modules/readable-stream/lib/_stream_readable.js:279:12)
    at readableAddChunk (/home/akhil/CFP238/Book_Store_Backend/BookStore/node_modules/winston/node_modules/readable-stream/lib/_stream_readable.js:262:11)
    at DerivedLogger.Readable.push (/home/akhil/CFP238/Book_Store_Backend/BookStore/node_modules/winston/node_modules/readable-stream/lib/_stream_readable.js:228:10)
    at DerivedLogger.Transform.push (/home/akhil/CFP238/Book_Store_Backend/BookStore/node_modules/winston/node_modules/readable-stream/lib/_stream_transform.js:132:32)
    at DerivedLogger._transform (/home/akhil/CFP238/Book_Store_Backend/BookStore/node_modules/winston/lib/winston/logger.js:313:12)
    at DerivedLogger.Transform._read (/home/akhil/CFP238/Book_Store_Backend/BookStore/node_modules/winston/node_modules/readable-stream/lib/_stream_transform.js:166:10)
    at DerivedLogger.Transform._write (/home/akhil/CFP238/Book_Store_Backend/BookStore/node_modules/winston/node_modules/readable-stream/lib/_stream_transform.js:155:83)
    at doWrite (/home/akhil/CFP238/Book_Store_Backend/BookStore/node_modules/winston/node_modules/readable-stream/lib/_stream_writable.js:390:139)
    at writeOrBuffer (/home/akhil/CFP238/Book_Store_Backend/BookStore/node_modules/winston/node_modules/readable-stream/lib/_stream_writable.js:381:5)
    at DerivedLogger.Writable.write (/home/akhil/CFP238/Book_Store_Backend/BookStore/node_modules/winston/node_modules/readable-stream/lib/_stream_writable.js:302:11)
    at DerivedLogger.info (/home/akhil/CFP238/Book_Store_Backend/BookStore/node_modules/winston/lib/winston/create-logger.js:81:14)
    at Server.<anonymous> (/home/akhil/CFP238/Book_Store_Backend/BookStore/src/index.js:38:10)
    at Object.onceWrapper (node:events:627:28)
    at Server.emit (node:events:513:28)
    at Server.emit (node:domain:489:12)
    at emitListeningNT (node:net:1774:10)
    at processTicksAndRejections (node:internal/process/task_queues:81:21) {"date":"Tue Aug 01 2023 14:46:59 GMT+0530 (India Standard Time)","error":{"code":"EIO","errno":-5,"syscall":"write"},"exception":true,"os":{"loadavg":[0.4,0.69,0.77],"uptime":4217.3},"process":{"argv":["node","/home/akhil/CFP238/Book_Store_Backend/BookStore/src/index.js"],"cwd":"/home/akhil/CFP238/Book_Store_Backend/BookStore","execPath":"/usr/local/bin/node","gid":1000,"memoryUsage":{"arrayBuffers":19621770,"external":21112797,"heapTotal":97456128,"heapUsed":57281440,"rss":154587136},"pid":15783,"uid":1000,"version":"v18.16.1"},"stack":"Error: EIO: i/o error, write\n    at writeSync (node:fs:934:3)\n    at SyncWriteStream._write (node:internal/fs/sync_write_stream:26:3)\n    at writeOrBuffer (node:internal/streams/writable:392:12)\n    at _write (node:internal/streams/writable:333:10)\n    at SyncWriteStream.Writable.write (node:internal/streams/writable:337:10)\n    at Console.log (/home/akhil/CFP238/Book_Store_Backend/BookStore/node_modules/winston/lib/winston/transports/console.js:79:23)\n    at Console._write (/home/akhil/CFP238/Book_Store_Backend/BookStore/node_modules/winston-transport/index.js:82:19)\n    at doWrite (/home/akhil/CFP238/Book_Store_Backend/BookStore/node_modules/winston-transport/node_modules/readable-stream/lib/_stream_writable.js:390:139)\n    at writeOrBuffer (/home/akhil/CFP238/Book_Store_Backend/BookStore/node_modules/winston-transport/node_modules/readable-stream/lib/_stream_writable.js:381:5)\n    at Console.Writable.write (/home/akhil/CFP238/Book_Store_Backend/BookStore/node_modules/winston-transport/node_modules/readable-stream/lib/_stream_writable.js:302:11)\n    at DerivedLogger.ondata (/home/akhil/CFP238/Book_Store_Backend/BookStore/node_modules/winston/node_modules/readable-stream/lib/_stream_readable.js:629:20)\n    at DerivedLogger.emit (node:events:525:35)\n    at DerivedLogger.emit (node:domain:489:12)\n    at addChunk (/home/akhil/CFP238/Book_Store_Backend/BookStore/node_modules/winston/node_modules/readable-stream/lib/_stream_readable.js:279:12)\n    at readableAddChunk (/home/akhil/CFP238/Book_Store_Backend/BookStore/node_modules/winston/node_modules/readable-stream/lib/_stream_readable.js:262:11)\n    at DerivedLogger.Readable.push (/home/akhil/CFP238/Book_Store_Backend/BookStore/node_modules/winston/node_modules/readable-stream/lib/_stream_readable.js:228:10)\n    at DerivedLogger.Transform.push (/home/akhil/CFP238/Book_Store_Backend/BookStore/node_modules/winston/node_modules/readable-stream/lib/_stream_transform.js:132:32)\n    at DerivedLogger._transform (/home/akhil/CFP238/Book_Store_Backend/BookStore/node_modules/winston/lib/winston/logger.js:313:12)\n    at DerivedLogger.Transform._read (/home/akhil/CFP238/Book_Store_Backend/BookStore/node_modules/winston/node_modules/readable-stream/lib/_stream_transform.js:166:10)\n    at DerivedLogger.Transform._write (/home/akhil/CFP238/Book_Store_Backend/BookStore/node_modules/winston/node_modules/readable-stream/lib/_stream_transform.js:155:83)\n    at doWrite (/home/akhil/CFP238/Book_Store_Backend/BookStore/node_modules/winston/node_modules/readable-stream/lib/_stream_writable.js:390:139)\n    at writeOrBuffer (/home/akhil/CFP238/Book_Store_Backend/BookStore/node_modules/winston/node_modules/readable-stream/lib/_stream_writable.js:381:5)\n    at DerivedLogger.Writable.write (/home/akhil/CFP238/Book_Store_Backend/BookStore/node_modules/winston/node_modules/readable-stream/lib/_stream_writable.js:302:11)\n    at DerivedLogger.info (/home/akhil/CFP238/Book_Store_Backend/BookStore/node_modules/winston/lib/winston/create-logger.js:81:14)\n    at Server.<anonymous> (/home/akhil/CFP238/Book_Store_Backend/BookStore/src/index.js:38:10)\n    at Object.onceWrapper (node:events:627:28)\n    at Server.emit (node:events:513:28)\n    at Server.emit (node:domain:489:12)\n    at emitListeningNT (node:net:1774:10)\n    at processTicksAndRejections (node:internal/process/task_queues:81:21)","trace":[{"column":3,"file":"node:fs","function":"writeSync","line":934,"method":null,"native":false},{"column":3,"file":"node:internal/fs/sync_write_stream","function":"SyncWriteStream._write","line":26,"method":"_write","native":false},{"column":12,"file":"node:internal/streams/writable","function":"writeOrBuffer","line":392,"method":null,"native":false},{"column":10,"file":"node:internal/streams/writable","function":"_write","line":333,"method":null,"native":false},{"column":10,"file":"node:internal/streams/writable","function":"SyncWriteStream.Writable.write","line":337,"method":"write","native":false},{"column":23,"file":"/home/akhil/CFP238/Book_Store_Backend/BookStore/node_modules/winston/lib/winston/transports/console.js","function":"Console.log","line":79,"method":"log","native":false},{"column":19,"file":"/home/akhil/CFP238/Book_Store_Backend/BookStore/node_modules/winston-transport/index.js","function":"Console._write","line":82,"method":"_write","native":false},{"column":139,"file":"/home/akhil/CFP238/Book_Store_Backend/BookStore/node_modules/winston-transport/node_modules/readable-stream/lib/_stream_writable.js","function":"doWrite","line":390,"method":null,"native":false},{"column":5,"file":"/home/akhil/CFP238/Book_Store_Backend/BookStore/node_modules/winston-transport/node_modules/readable-stream/lib/_stream_writable.js","function":"writeOrBuffer","line":381,"method":null,"native":false},{"column":11,"file":"/home/akhil/CFP238/Book_Store_Backend/BookStore/node_modules/winston-transport/node_modules/readable-stream/lib/_stream_writable.js","function":"Console.Writable.write","line":302,"method":"write","native":false},{"column":20,"file":"/home/akhil/CFP238/Book_Store_Backend/BookStore/node_modules/winston/node_modules/readable-stream/lib/_stream_readable.js","function":"DerivedLogger.ondata","line":629,"method":"ondata","native":false},{"column":35,"file":"node:events","function":"DerivedLogger.emit","line":525,"method":"emit","native":false},{"column":12,"file":"node:domain","function":"DerivedLogger.emit","line":489,"method":"emit","native":false},{"column":12,"file":"/home/akhil/CFP238/Book_Store_Backend/BookStore/node_modules/winston/node_modules/readable-stream/lib/_stream_readable.js","function":"addChunk","line":279,"method":null,"native":false},{"column":11,"file":"/home/akhil/CFP238/Book_Store_Backend/BookStore/node_modules/winston/node_modules/readable-stream/lib/_stream_readable.js","function":"readableAddChunk","line":262,"method":null,"native":false},{"column":10,"file":"/home/akhil/CFP238/Book_Store_Backend/BookStore/node_modules/winston/node_modules/readable-stream/lib/_stream_readable.js","function":"DerivedLogger.Readable.push","line":228,"method":"push","native":false},{"column":32,"file":"/home/akhil/CFP238/Book_Store_Backend/BookStore/node_modules/winston/node_modules/readable-stream/lib/_stream_transform.js","function":"DerivedLogger.Transform.push","line":132,"method":"push","native":false},{"column":12,"file":"/home/akhil/CFP238/Book_Store_Backend/BookStore/node_modules/winston/lib/winston/logger.js","function":"DerivedLogger._transform","line":313,"method":"_transform","native":false},{"column":10,"file":"/home/akhil/CFP238/Book_Store_Backend/BookStore/node_modules/winston/node_modules/readable-stream/lib/_stream_transform.js","function":"DerivedLogger.Transform._read","line":166,"method":"_read","native":false},{"column":83,"file":"/home/akhil/CFP238/Book_Store_Backend/BookStore/node_modules/winston/node_modules/readable-stream/lib/_stream_transform.js","function":"DerivedLogger.Transform._write","line":155,"method":"_write","native":false},{"column":139,"file":"/home/akhil/CFP238/Book_Store_Backend/BookStore/node_modules/winston/node_modules/readable-stream/lib/_stream_writable.js","function":"doWrite","line":390,"method":null,"native":false},{"column":5,"file":"/home/akhil/CFP238/Book_Store_Backend/BookStore/node_modules/winston/node_modules/readable-stream/lib/_stream_writable.js","function":"writeOrBuffer","line":381,"method":null,"native":false},{"column":11,"file":"/home/akhil/CFP238/Book_Store_Backend/BookStore/node_modules/winston/node_modules/readable-stream/lib/_stream_writable.js","function":"DerivedLogger.Writable.write","line":302,"method":"write","native":false},{"column":14,"file":"/home/akhil/CFP238/Book_Store_Backend/BookStore/node_modules/winston/lib/winston/create-logger.js","function":"DerivedLogger.info","line":81,"method":"info","native":false},{"column":10,"file":"/home/akhil/CFP238/Book_Store_Backend/BookStore/src/index.js","function":null,"line":38,"method":null,"native":false},{"column":28,"file":"node:events","function":"Object.onceWrapper","line":627,"method":"onceWrapper","native":false},{"column":28,"file":"node:events","function":"Server.emit","line":513,"method":"emit","native":false},{"column":12,"file":"node:domain","function":"Server.emit","line":489,"method":"emit","native":false},{"column":10,"file":"node:net","function":"emitListeningNT","line":1774,"method":null,"native":false},{"column":21,"file":"node:internal/process/task_queues","function":"processTicksAndRejections","line":81,"method":null,"native":false}]}
info: ::1 - - [01/Aug/2023:11:12:57 +0000] "GET /api/v1/books HTTP/1.1" 200 4718 "-" "PostmanRuntime/7.32.3"

error: uncaughtException: EIO: i/o error, write
Error: EIO: i/o error, write
    at writeSync (node:fs:934:3)
    at SyncWriteStream._write (node:internal/fs/sync_write_stream:26:3)
    at writeOrBuffer (node:internal/streams/writable:392:12)
    at _write (node:internal/streams/writable:333:10)
    at SyncWriteStream.Writable.write (node:internal/streams/writable:337:10)
    at Console.log (/home/akhil/CFP238/Book_Store_Backend/BookStore/node_modules/winston/lib/winston/transports/console.js:79:23)
    at Console._write (/home/akhil/CFP238/Book_Store_Backend/BookStore/node_modules/winston-transport/index.js:82:19)
    at doWrite (/home/akhil/CFP238/Book_Store_Backend/BookStore/node_modules/winston-transport/node_modules/readable-stream/lib/_stream_writable.js:390:139)
    at writeOrBuffer (/home/akhil/CFP238/Book_Store_Backend/BookStore/node_modules/winston-transport/node_modules/readable-stream/lib/_stream_writable.js:381:5)
    at Console.Writable.write (/home/akhil/CFP238/Book_Store_Backend/BookStore/node_modules/winston-transport/node_modules/readable-stream/lib/_stream_writable.js:302:11)
    at DerivedLogger.ondata (/home/akhil/CFP238/Book_Store_Backend/BookStore/node_modules/winston/node_modules/readable-stream/lib/_stream_readable.js:629:20)
    at DerivedLogger.emit (node:events:525:35)
    at DerivedLogger.emit (node:domain:489:12)
    at addChunk (/home/akhil/CFP238/Book_Store_Backend/BookStore/node_modules/winston/node_modules/readable-stream/lib/_stream_readable.js:279:12)
    at readableAddChunk (/home/akhil/CFP238/Book_Store_Backend/BookStore/node_modules/winston/node_modules/readable-stream/lib/_stream_readable.js:262:11)
    at DerivedLogger.Readable.push (/home/akhil/CFP238/Book_Store_Backend/BookStore/node_modules/winston/node_modules/readable-stream/lib/_stream_readable.js:228:10)
    at DerivedLogger.Transform.push (/home/akhil/CFP238/Book_Store_Backend/BookStore/node_modules/winston/node_modules/readable-stream/lib/_stream_transform.js:132:32)
    at DerivedLogger._transform (/home/akhil/CFP238/Book_Store_Backend/BookStore/node_modules/winston/lib/winston/logger.js:313:12)
    at DerivedLogger.Transform._read (/home/akhil/CFP238/Book_Store_Backend/BookStore/node_modules/winston/node_modules/readable-stream/lib/_stream_transform.js:166:10)
    at DerivedLogger.Transform._write (/home/akhil/CFP238/Book_Store_Backend/BookStore/node_modules/winston/node_modules/readable-stream/lib/_stream_transform.js:155:83)
    at doWrite (/home/akhil/CFP238/Book_Store_Backend/BookStore/node_modules/winston/node_modules/readable-stream/lib/_stream_writable.js:390:139)
    at writeOrBuffer (/home/akhil/CFP238/Book_Store_Backend/BookStore/node_modules/winston/node_modules/readable-stream/lib/_stream_writable.js:381:5)
    at DerivedLogger.Writable.write (/home/akhil/CFP238/Book_Store_Backend/BookStore/node_modules/winston/node_modules/readable-stream/lib/_stream_writable.js:302:11)
    at DerivedLogger.info (/home/akhil/CFP238/Book_Store_Backend/BookStore/node_modules/winston/lib/winston/create-logger.js:81:14)
    at Server.<anonymous> (/home/akhil/CFP238/Book_Store_Backend/BookStore/src/index.js:38:10)
    at Object.onceWrapper (node:events:627:28)
    at Server.emit (node:events:513:28)
    at Server.emit (node:domain:489:12)
    at emitListeningNT (node:net:1774:10)
    at processTicksAndRejections (node:internal/process/task_queues:81:21) {"date":"Tue Aug 01 2023 16:46:21 GMT+0530 (India Standard Time)","error":{"code":"EIO","errno":-5,"syscall":"write"},"exception":true,"os":{"loadavg":[4.05,2.41,1.93],"uptime":11379.72},"process":{"argv":["node","/home/akhil/CFP238/Book_Store_Backend/BookStore/src/index.js"],"cwd":"/home/akhil/CFP238/Book_Store_Backend/BookStore","execPath":"/usr/local/bin/node","gid":1000,"memoryUsage":{"arrayBuffers":19824047,"external":21315074,"heapTotal":97193984,"heapUsed":63762720,"rss":154525696},"pid":27463,"uid":1000,"version":"v18.16.1"},"stack":"Error: EIO: i/o error, write\n    at writeSync (node:fs:934:3)\n    at SyncWriteStream._write (node:internal/fs/sync_write_stream:26:3)\n    at writeOrBuffer (node:internal/streams/writable:392:12)\n    at _write (node:internal/streams/writable:333:10)\n    at SyncWriteStream.Writable.write (node:internal/streams/writable:337:10)\n    at Console.log (/home/akhil/CFP238/Book_Store_Backend/BookStore/node_modules/winston/lib/winston/transports/console.js:79:23)\n    at Console._write (/home/akhil/CFP238/Book_Store_Backend/BookStore/node_modules/winston-transport/index.js:82:19)\n    at doWrite (/home/akhil/CFP238/Book_Store_Backend/BookStore/node_modules/winston-transport/node_modules/readable-stream/lib/_stream_writable.js:390:139)\n    at writeOrBuffer (/home/akhil/CFP238/Book_Store_Backend/BookStore/node_modules/winston-transport/node_modules/readable-stream/lib/_stream_writable.js:381:5)\n    at Console.Writable.write (/home/akhil/CFP238/Book_Store_Backend/BookStore/node_modules/winston-transport/node_modules/readable-stream/lib/_stream_writable.js:302:11)\n    at DerivedLogger.ondata (/home/akhil/CFP238/Book_Store_Backend/BookStore/node_modules/winston/node_modules/readable-stream/lib/_stream_readable.js:629:20)\n    at DerivedLogger.emit (node:events:525:35)\n    at DerivedLogger.emit (node:domain:489:12)\n    at addChunk (/home/akhil/CFP238/Book_Store_Backend/BookStore/node_modules/winston/node_modules/readable-stream/lib/_stream_readable.js:279:12)\n    at readableAddChunk (/home/akhil/CFP238/Book_Store_Backend/BookStore/node_modules/winston/node_modules/readable-stream/lib/_stream_readable.js:262:11)\n    at DerivedLogger.Readable.push (/home/akhil/CFP238/Book_Store_Backend/BookStore/node_modules/winston/node_modules/readable-stream/lib/_stream_readable.js:228:10)\n    at DerivedLogger.Transform.push (/home/akhil/CFP238/Book_Store_Backend/BookStore/node_modules/winston/node_modules/readable-stream/lib/_stream_transform.js:132:32)\n    at DerivedLogger._transform (/home/akhil/CFP238/Book_Store_Backend/BookStore/node_modules/winston/lib/winston/logger.js:313:12)\n    at DerivedLogger.Transform._read (/home/akhil/CFP238/Book_Store_Backend/BookStore/node_modules/winston/node_modules/readable-stream/lib/_stream_transform.js:166:10)\n    at DerivedLogger.Transform._write (/home/akhil/CFP238/Book_Store_Backend/BookStore/node_modules/winston/node_modules/readable-stream/lib/_stream_transform.js:155:83)\n    at doWrite (/home/akhil/CFP238/Book_Store_Backend/BookStore/node_modules/winston/node_modules/readable-stream/lib/_stream_writable.js:390:139)\n    at writeOrBuffer (/home/akhil/CFP238/Book_Store_Backend/BookStore/node_modules/winston/node_modules/readable-stream/lib/_stream_writable.js:381:5)\n    at DerivedLogger.Writable.write (/home/akhil/CFP238/Book_Store_Backend/BookStore/node_modules/winston/node_modules/readable-stream/lib/_stream_writable.js:302:11)\n    at DerivedLogger.info (/home/akhil/CFP238/Book_Store_Backend/BookStore/node_modules/winston/lib/winston/create-logger.js:81:14)\n    at Server.<anonymous> (/home/akhil/CFP238/Book_Store_Backend/BookStore/src/index.js:38:10)\n    at Object.onceWrapper (node:events:627:28)\n    at Server.emit (node:events:513:28)\n    at Server.emit (node:domain:489:12)\n    at emitListeningNT (node:net:1774:10)\n    at processTicksAndRejections (node:internal/process/task_queues:81:21)","trace":[{"column":3,"file":"node:fs","function":"writeSync","line":934,"method":null,"native":false},{"column":3,"file":"node:internal/fs/sync_write_stream","function":"SyncWriteStream._write","line":26,"method":"_write","native":false},{"column":12,"file":"node:internal/streams/writable","function":"writeOrBuffer","line":392,"method":null,"native":false},{"column":10,"file":"node:internal/streams/writable","function":"_write","line":333,"method":null,"native":false},{"column":10,"file":"node:internal/streams/writable","function":"SyncWriteStream.Writable.write","line":337,"method":"write","native":false},{"column":23,"file":"/home/akhil/CFP238/Book_Store_Backend/BookStore/node_modules/winston/lib/winston/transports/console.js","function":"Console.log","line":79,"method":"log","native":false},{"column":19,"file":"/home/akhil/CFP238/Book_Store_Backend/BookStore/node_modules/winston-transport/index.js","function":"Console._write","line":82,"method":"_write","native":false},{"column":139,"file":"/home/akhil/CFP238/Book_Store_Backend/BookStore/node_modules/winston-transport/node_modules/readable-stream/lib/_stream_writable.js","function":"doWrite","line":390,"method":null,"native":false},{"column":5,"file":"/home/akhil/CFP238/Book_Store_Backend/BookStore/node_modules/winston-transport/node_modules/readable-stream/lib/_stream_writable.js","function":"writeOrBuffer","line":381,"method":null,"native":false},{"column":11,"file":"/home/akhil/CFP238/Book_Store_Backend/BookStore/node_modules/winston-transport/node_modules/readable-stream/lib/_stream_writable.js","function":"Console.Writable.write","line":302,"method":"write","native":false},{"column":20,"file":"/home/akhil/CFP238/Book_Store_Backend/BookStore/node_modules/winston/node_modules/readable-stream/lib/_stream_readable.js","function":"DerivedLogger.ondata","line":629,"method":"ondata","native":false},{"column":35,"file":"node:events","function":"DerivedLogger.emit","line":525,"method":"emit","native":false},{"column":12,"file":"node:domain","function":"DerivedLogger.emit","line":489,"method":"emit","native":false},{"column":12,"file":"/home/akhil/CFP238/Book_Store_Backend/BookStore/node_modules/winston/node_modules/readable-stream/lib/_stream_readable.js","function":"addChunk","line":279,"method":null,"native":false},{"column":11,"file":"/home/akhil/CFP238/Book_Store_Backend/BookStore/node_modules/winston/node_modules/readable-stream/lib/_stream_readable.js","function":"readableAddChunk","line":262,"method":null,"native":false},{"column":10,"file":"/home/akhil/CFP238/Book_Store_Backend/BookStore/node_modules/winston/node_modules/readable-stream/lib/_stream_readable.js","function":"DerivedLogger.Readable.push","line":228,"method":"push","native":false},{"column":32,"file":"/home/akhil/CFP238/Book_Store_Backend/BookStore/node_modules/winston/node_modules/readable-stream/lib/_stream_transform.js","function":"DerivedLogger.Transform.push","line":132,"method":"push","native":false},{"column":12,"file":"/home/akhil/CFP238/Book_Store_Backend/BookStore/node_modules/winston/lib/winston/logger.js","function":"DerivedLogger._transform","line":313,"method":"_transform","native":false},{"column":10,"file":"/home/akhil/CFP238/Book_Store_Backend/BookStore/node_modules/winston/node_modules/readable-stream/lib/_stream_transform.js","function":"DerivedLogger.Transform._read","line":166,"method":"_read","native":false},{"column":83,"file":"/home/akhil/CFP238/Book_Store_Backend/BookStore/node_modules/winston/node_modules/readable-stream/lib/_stream_transform.js","function":"DerivedLogger.Transform._write","line":155,"method":"_write","native":false},{"column":139,"file":"/home/akhil/CFP238/Book_Store_Backend/BookStore/node_modules/winston/node_modules/readable-stream/lib/_stream_writable.js","function":"doWrite","line":390,"method":null,"native":false},{"column":5,"file":"/home/akhil/CFP238/Book_Store_Backend/BookStore/node_modules/winston/node_modules/readable-stream/lib/_stream_writable.js","function":"writeOrBuffer","line":381,"method":null,"native":false},{"column":11,"file":"/home/akhil/CFP238/Book_Store_Backend/BookStore/node_modules/winston/node_modules/readable-stream/lib/_stream_writable.js","function":"DerivedLogger.Writable.write","line":302,"method":"write","native":false},{"column":14,"file":"/home/akhil/CFP238/Book_Store_Backend/BookStore/node_modules/winston/lib/winston/create-logger.js","function":"DerivedLogger.info","line":81,"method":"info","native":false},{"column":10,"file":"/home/akhil/CFP238/Book_Store_Backend/BookStore/src/index.js","function":null,"line":38,"method":null,"native":false},{"column":28,"file":"node:events","function":"Object.onceWrapper","line":627,"method":"onceWrapper","native":false},{"column":28,"file":"node:events","function":"Server.emit","line":513,"method":"emit","native":false},{"column":12,"file":"node:domain","function":"Server.emit","line":489,"method":"emit","native":false},{"column":10,"file":"node:net","function":"emitListeningNT","line":1774,"method":null,"native":false},{"column":21,"file":"node:internal/process/task_queues","function":"processTicksAndRejections","line":81,"method":null,"native":false}]}
error: uncaughtException: listen EADDRINUSE: address already in use :::3000
Error: listen EADDRINUSE: address already in use :::3000
    at Server.setupListenHandle [as _listen2] (node:net:1740:16)
    at listenInCluster (node:net:1788:12)
    at Server.listen (node:net:1876:7)
    at Function.listen (/home/akhil/CFP238/Book_Store_Backend/BookStore/node_modules/express/lib/application.js:635:24)
    at Object.<anonymous> (/home/akhil/CFP238/Book_Store_Backend/BookStore/src/index.js:37:5)
    at Module._compile (node:internal/modules/cjs/loader:1256:14)
    at Module._compile (/home/akhil/CFP238/Book_Store_Backend/BookStore/node_modules/pirates/lib/index.js:117:24)
    at Module._extensions..js (node:internal/modules/cjs/loader:1310:10)
    at Object.newLoader [as .js] (/home/akhil/CFP238/Book_Store_Backend/BookStore/node_modules/pirates/lib/index.js:121:7)
    at Module.load (node:internal/modules/cjs/loader:1119:32)
    at Function.Module._load (node:internal/modules/cjs/loader:960:12)
    at Function.runMain (node:internal/modules/run_main:81:12)
    at Object.<anonymous> (/home/akhil/CFP238/Book_Store_Backend/BookStore/node_modules/@babel/node/src/_babel-node.ts:222:12)
    at Module._compile (node:internal/modules/cjs/loader:1256:14)
    at Object.Module._extensions..js (node:internal/modules/cjs/loader:1310:10)
    at Module.load (node:internal/modules/cjs/loader:1119:32)
    at Function.Module._load (node:internal/modules/cjs/loader:960:12)
    at Function.executeUserEntryPoint [as runMain] (node:internal/modules/run_main:81:12)
    at node:internal/main/run_main_module:23:47 {"date":"Tue Aug 01 2023 16:46:21 GMT+0530 (India Standard Time)","error":{"address":"::","code":"EADDRINUSE","errno":-98,"port":3000,"syscall":"listen"},"exception":true,"os":{"loadavg":[4.05,2.41,1.93],"uptime":11379.76},"process":{"argv":["node","/home/akhil/CFP238/Book_Store_Backend/BookStore/src/index.js"],"cwd":"/home/akhil/CFP238/Book_Store_Backend/BookStore","execPath":"/usr/local/bin/node","gid":1000,"memoryUsage":{"arrayBuffers":19728992,"external":21218963,"heapTotal":97193984,"heapUsed":64227816,"rss":156770304},"pid":27473,"uid":1000,"version":"v18.16.1"},"stack":"Error: listen EADDRINUSE: address already in use :::3000\n    at Server.setupListenHandle [as _listen2] (node:net:1740:16)\n    at listenInCluster (node:net:1788:12)\n    at Server.listen (node:net:1876:7)\n    at Function.listen (/home/akhil/CFP238/Book_Store_Backend/BookStore/node_modules/express/lib/application.js:635:24)\n    at Object.<anonymous> (/home/akhil/CFP238/Book_Store_Backend/BookStore/src/index.js:37:5)\n    at Module._compile (node:internal/modules/cjs/loader:1256:14)\n    at Module._compile (/home/akhil/CFP238/Book_Store_Backend/BookStore/node_modules/pirates/lib/index.js:117:24)\n    at Module._extensions..js (node:internal/modules/cjs/loader:1310:10)\n    at Object.newLoader [as .js] (/home/akhil/CFP238/Book_Store_Backend/BookStore/node_modules/pirates/lib/index.js:121:7)\n    at Module.load (node:internal/modules/cjs/loader:1119:32)\n    at Function.Module._load (node:internal/modules/cjs/loader:960:12)\n    at Function.runMain (node:internal/modules/run_main:81:12)\n    at Object.<anonymous> (/home/akhil/CFP238/Book_Store_Backend/BookStore/node_modules/@babel/node/src/_babel-node.ts:222:12)\n    at Module._compile (node:internal/modules/cjs/loader:1256:14)\n    at Object.Module._extensions..js (node:internal/modules/cjs/loader:1310:10)\n    at Module.load (node:internal/modules/cjs/loader:1119:32)\n    at Function.Module._load (node:internal/modules/cjs/loader:960:12)\n    at Function.executeUserEntryPoint [as runMain] (node:internal/modules/run_main:81:12)\n    at node:internal/main/run_main_module:23:47","trace":[{"column":16,"file":"node:net","function":"Server.setupListenHandle [as _listen2]","line":1740,"method":"setupListenHandle [as _listen2]","native":false},{"column":12,"file":"node:net","function":"listenInCluster","line":1788,"method":null,"native":false},{"column":7,"file":"node:net","function":"Server.listen","line":1876,"method":"listen","native":false},{"column":24,"file":"/home/akhil/CFP238/Book_Store_Backend/BookStore/node_modules/express/lib/application.js","function":"Function.listen","line":635,"method":"listen","native":false},{"column":5,"file":"/home/akhil/CFP238/Book_Store_Backend/BookStore/src/index.js","function":null,"line":37,"method":null,"native":false},{"column":14,"file":"node:internal/modules/cjs/loader","function":"Module._compile","line":1256,"method":"_compile","native":false},{"column":24,"file":"/home/akhil/CFP238/Book_Store_Backend/BookStore/node_modules/pirates/lib/index.js","function":"Module._compile","line":117,"method":"_compile","native":false},{"column":10,"file":"node:internal/modules/cjs/loader","function":"Module._extensions..js","line":1310,"method":".js","native":false},{"column":7,"file":"/home/akhil/CFP238/Book_Store_Backend/BookStore/node_modules/pirates/lib/index.js","function":"Object.newLoader [as .js]","line":121,"method":"js]","native":false},{"column":32,"file":"node:internal/modules/cjs/loader","function":"Module.load","line":1119,"method":"load","native":false},{"column":12,"file":"node:internal/modules/cjs/loader","function":"Module._load","line":960,"method":"_load","native":false},{"column":12,"file":"node:internal/modules/run_main","function":"Function.runMain","line":81,"method":"runMain","native":false},{"column":12,"file":"/home/akhil/CFP238/Book_Store_Backend/BookStore/node_modules/@babel/node/src/_babel-node.ts","function":null,"line":222,"method":null,"native":false},{"column":14,"file":"node:internal/modules/cjs/loader","function":"Module._compile","line":1256,"method":"_compile","native":false},{"column":10,"file":"node:internal/modules/cjs/loader","function":"Module._extensions..js","line":1310,"method":".js","native":false},{"column":32,"file":"node:internal/modules/cjs/loader","function":"Module.load","line":1119,"method":"load","native":false},{"column":12,"file":"node:internal/modules/cjs/loader","function":"Module._load","line":960,"method":"_load","native":false},{"column":12,"file":"node:internal/modules/run_main","function":"Function.executeUserEntryPoint [as runMain]","line":81,"method":"executeUserEntryPoint [as runMain]","native":false},{"column":47,"file":"node:internal/main/run_main_module","function":null,"line":23,"method":null,"native":false}]}
